2020-07-14 16:33:10.688038 [guppy/message] ONT Guppy barcoding software version 4.0.11+f1071ce
input path:         /Users/joshl/PycharmProjects/ARS/Results/Basecall/
save path:          /Users/joshl/PycharmProjects/ARS/Results/Barcode/
arrangement files:  barcode_arrs_pcr96.cfg 
min. score front:   60
min. score rear:    60

2020-07-14 16:33:10.688920 [guppy/info] crashpad_handler not supported on this platform.
2020-07-14 16:33:10.689882 [guppy/info] Starting input file /Users/joshl/PycharmProjects/ARS/Results/Basecall/FAL03879_67a0761e_1055/fastq_runid_67a0761ea992f55d7000e748e88761780ca1bb60_0_0.fastq
2020-07-14 16:33:23.993714 [guppy/info] Successfully finished input file /Users/joshl/PycharmProjects/ARS/Results/Basecall/FAL03879_67a0761e_1055/fastq_runid_67a0761ea992f55d7000e748e88761780ca1bb60_0_0.fastq (4000 reads)
2020-07-14 16:33:23.993770 [guppy/info] Starting input file /Users/joshl/PycharmProjects/ARS/Results/Basecall/FAL03879_67a0761e_806/fastq_runid_67a0761ea992f55d7000e748e88761780ca1bb60_0_0.fastq
2020-07-14 16:33:38.622469 [guppy/info] Successfully finished input file /Users/joshl/PycharmProjects/ARS/Results/Basecall/FAL03879_67a0761e_806/fastq_runid_67a0761ea992f55d7000e748e88761780ca1bb60_0_0.fastq (4000 reads)
2020-07-14 16:33:38.622519 [guppy/info] Starting input file /Users/joshl/PycharmProjects/ARS/Results/Basecall/FAL03879_67a0761e_11/fastq_runid_67a0761ea992f55d7000e748e88761780ca1bb60_0_0.fastq
2020-07-14 16:33:48.868880 [guppy/info] Successfully finished input file /Users/joshl/PycharmProjects/ARS/Results/Basecall/FAL03879_67a0761e_11/fastq_runid_67a0761ea992f55d7000e748e88761780ca1bb60_0_0.f2020-07-14 16:33:49.637527 [guppy/info] Successfully finished input file /Users/joshl/PycharmProjects/ARS/Results/Basecall/FAL03879_67a0761e_11/fastq_runid_67a0761ea992f55d7000e748e88761780ca1bb60_0_0.fastq (4000 2020-07-14 16:34:01.436554 [guppy/info] Successfully finished input file /Users/joshl/PycharmProjects/ARS/Results/Basecall/FAL03879_67a0761e_539/fastq_runid_67a0761ea992f55d7000e748e88761780ca1bb60_0_0.2020-07-14 16:34:03.668870 [guppy/info] Successfully finished input file /Users/joshl/PycharmProjects/ARS/Results/Basecall/FAL03879_67a0761e_539/fastq_runid_67a0761ea992f55d7000e748e88761780ca1bb60_0_0.fastq (4000 reads)
2020-07-14 16:34:03.668921 [guppy/info] Starting input file /Users/joshl/PycharmProjects/ARS/Results/Basecall/FAL03879_67a0761e_163/fastq_runid_67a0761ea992f55d7000e748e88761780ca1bb60_0_0.fastq
2020-07-14 16:34:14.448425 [guppy/info] Successfully finished input file /Users/joshl/PycharmProjects/ARS/Results/Basecall/FAL03879_67a0761e_163/fastq_runid_67a0761ea992f55d7000e748e88761780ca1bb60_0_0.2020-07-14 16:34:15.476851 [guppy/info] Successfully finished input file /Users/joshl/PycharmProjects/ARS/Results/Basecall/FAL03879_67a0761e_163/fastq_runid_67a0761ea992f55d7000e748e88761780ca1bb60_0_0.fastq (4000 r2020-07-14 16:34:26.829735 [guppy/info] Successfully finished input file /Users/joshl/PycharmProjects/ARS/Results/Basecall/FAL03879_67a0761e_1275/fastq_runid_67a0761ea992f55d7000e748e88761780ca1bb60_0_02020-07-14 16:34:28.949989 [guppy/info] Successfully finished input file /Users/joshl/PycharmProjects/ARS/Results/Basecall/FAL03879_67a0761e_1275/fastq_runid_67a0761ea992f55d7000e748e88761780ca1bb60_0_0.fastq (4000 reads)
2020-07-14 16:34:28.950029 [guppy/message] Done in 78261 ms.
2020-07-14 16:34:28.962015 [guppy/info] The output file '/Users/joshl/PycharmProjects/ARS/Results/Barcode/barcode01/fastq_runid_67a0761ea992f55d7000e748e88761780ca1bb60_0.fastq' will be overwritten.
2020-07-14 16:34:28.970145 [guppy/info] The output file '/Users/joshl/PycharmProjects/ARS/Results/Barcode/barcode02/fastq_runid_67a0761ea992f55d7000e748e88761780ca1bb60_0.fastq' will be overwritten.
2020-07-14 16:34:28.976806 [guppy/info] The output file '/Users/joshl/PycharmProjects/ARS/Results/Barcode/barcode03/fastq_runid_67a0761ea992f55d7000e748e88761780ca1bb60_0.fastq' will be overwritten.
2020-07-14 16:34:28.981039 [guppy/info] The output file '/Users/joshl/PycharmProjects/ARS/Results/Barcode/barcode04/fastq_runid_67a0761ea992f55d7000e748e88761780ca1bb60_0.fastq' will be overwritten.
2020-07-14 16:34:28.984554 [guppy/info] The output file '/Users/joshl/PycharmProjects/ARS/Results/Barcode/barcode05/fastq_runid_67a0761ea992f55d7000e748e88761780ca1bb60_0.fastq' will be overwritten.
2020-07-14 16:34:28.988115 [guppy/info] The output file '/Users/joshl/PycharmProjects/ARS/Results/Barcode/barcode06/fastq_runid_67a0761ea992f55d7000e748e88761780ca1bb60_0.fastq' will be overwritten.
2020-07-14 16:34:28.992252 [guppy/info] The output file '/Users/joshl/PycharmProjects/ARS/Results/Barcode/barcode07/fastq_runid_67a0761ea992f55d7000e748e88761780ca1bb60_0.fastq' will be overwritten.
2020-07-14 16:34:28.996459 [guppy/info] The output file '/Users/joshl/PycharmProjects/ARS/Results/Barcode/barcode08/fastq_runid_67a0761ea992f55d7000e748e88761780ca1bb60_0.fastq' will be overwritten.
2020-07-14 16:34:29.002505 [guppy/info] The output file '/Users/joshl/PycharmProjects/ARS/Results/Barcode/barcode09/fastq_runid_67a0761ea992f55d7000e748e88761780ca1bb60_0.fastq' will be overwritten.
2020-07-14 16:34:29.006276 [guppy/info] The output file '/Users/joshl/PycharmProjects/ARS/Results/Barcode/barcode10/fastq_runid_67a0761ea992f55d7000e748e88761780ca1bb60_0.fastq' will be overwritten.
2020-07-14 16:34:29.009945 [guppy/info] The output file '/Users/joshl/PycharmProjects/ARS/Results/Barcode/barcode11/fastq_runid_67a0761ea992f55d7000e748e88761780ca1bb60_0.fastq' will be overwritten.
2020-07-14 16:34:29.016175 [guppy/info] The output file '/Users/joshl/PycharmProjects/ARS/Results/Barcode/barcode12/fastq_runid_67a0761ea992f55d7000e748e88761780ca1bb60_0.fastq' will be overwritten.
2020-07-14 16:34:29.021076 [guppy/info] The output file '/Users/joshl/PycharmProjects/ARS/Results/Barcode/barcode13/fastq_runid_67a0761ea992f55d7000e748e88761780ca1bb60_0.fastq' will be overwritten.
2020-07-14 16:34:29.028503 [guppy/info] The output file '/Users/joshl/PycharmProjects/ARS/Results/Barcode/barcode14/fastq_runid_67a0761ea992f55d7000e748e88761780ca1bb60_0.fastq' will be overwritten.
2020-07-14 16:34:29.032511 [guppy/info] The output file '/Users/joshl/PycharmProjects/ARS/Results/Barcode/barcode15/fastq_runid_67a0761ea992f55d7000e748e88761780ca1bb60_0.fastq' will be overwritten.
2020-07-14 16:34:29.036149 [guppy/info] The output file '/Users/joshl/PycharmProjects/ARS/Results/Barcode/barcode16/fastq_runid_67a0761ea992f55d7000e748e88761780ca1bb60_0.fastq' will be overwritten.
2020-07-14 16:34:29.039273 [guppy/info] The output file '/Users/joshl/PycharmProjects/ARS/Results/Barcode/barcode17/fastq_runid_67a0761ea992f55d7000e748e88761780ca1bb60_0.fastq' will be overwritten.
2020-07-14 16:34:29.042783 [guppy/info] The output file '/Users/joshl/PycharmProjects/ARS/Results/Barcode/barcode18/fastq_runid_67a0761ea992f55d7000e748e88761780ca1bb60_0.fastq' will be overwritten.
2020-07-14 16:34:29.046640 [guppy/info] The output file '/Users/joshl/PycharmProjects/ARS/Results/Barcode/barcode20/fastq_runid_67a0761ea992f55d7000e748e88761780ca1bb60_0.fastq' will be overwritten.
2020-07-14 16:34:29.053273 [guppy/info] The output file '/Users/joshl/PycharmProjects/ARS/Results/Barcode/barcode21/fastq_runid_67a0761ea992f55d7000e748e88761780ca1bb60_0.fastq' will be overwritten.
2020-07-14 16:34:29.057345 [guppy/info] The output file '/Users/joshl/PycharmProjects/ARS/Results/Barcode/barcode22/fastq_runid_67a0761ea992f55d7000e748e88761780ca1bb60_0.fastq' will be overwritten.
2020-07-14 16:34:29.061308 [guppy/info] The output file '/Users/joshl/PycharmProjects/ARS/Results/Barcode/barcode23/fastq_runid_67a0761ea992f55d7000e748e88761780ca1bb60_0.fastq' will be overwritten.
2020-07-14 16:34:29.068533 [guppy/info] The output file '/Users/joshl/PycharmProjects/ARS/Results/Barcode/barcode24/fastq_runid_67a0761ea992f55d7000e748e88761780ca1bb60_0.fastq' will be overwritten.
2020-07-14 16:34:29.074833 [guppy/info] The output file '/Users/joshl/PycharmProjects/ARS/Results/Barcode/barcode25/fastq_runid_67a0761ea992f55d7000e748e88761780ca1bb60_0.fastq' will be overwritten.
2020-07-14 16:34:29.080844 [guppy/info] The output file '/Users/joshl/PycharmProjects/ARS/Results/Barcode/barcode26/fastq_runid_67a0761ea992f55d7000e748e88761780ca1bb60_0.fastq' will be overwritten.
2020-07-14 16:34:29.084586 [guppy/info] The output file '/Users/joshl/PycharmProjects/ARS/Results/Barcode/barcode27/fastq_runid_67a0761ea992f55d7000e748e88761780ca1bb60_0.fastq' will be overwritten.
2020-07-14 16:34:29.088538 [guppy/info] The output file '/Users/joshl/PycharmProjects/ARS/Results/Barcode/barcode28/fastq_runid_67a0761ea992f55d7000e748e88761780ca1bb60_0.fastq' will be overwritten.
2020-07-14 16:34:29.091895 [guppy/info] The output file '/Users/joshl/PycharmProjects/ARS/Results/Barcode/barcode29/fastq_runid_67a0761ea992f55d7000e748e88761780ca1bb60_0.fastq' will be overwritten.
2020-07-14 16:34:29.095032 [guppy/info] The output file '/Users/joshl/PycharmProjects/ARS/Results/Barcode/barcode31/fastq_runid_67a0761ea992f55d7000e748e88761780ca1bb60_0.fastq' will be overwritten.
2020-07-14 16:34:29.098095 [guppy/info] The output file '/Users/joshl/PycharmProjects/ARS/Results/Barcode/barcode32/fastq_runid_67a0761ea992f55d7000e748e88761780ca1bb60_0.fastq' will be overwritten.
2020-07-14 16:34:29.102739 [guppy/info] The output file '/Users/joshl/PycharmProjects/ARS/Results/Barcode/barcode33/fastq_runid_67a0761ea992f55d7000e748e88761780ca1bb60_0.fastq' will be overwritten.
2020-07-14 16:34:29.105917 [guppy/info] The output file '/Users/joshl/PycharmProjects/ARS/Results/Barcode/barcode35/fastq_runid_67a0761ea992f55d7000e748e88761780ca1bb60_0.fastq' will be overwritten.
2020-07-14 16:34:29.110067 [guppy/info] The output file '/Users/joshl/PycharmProjects/ARS/Results/Barcode/barcode36/fastq_runid_67a0761ea992f55d7000e748e88761780ca1bb60_0.fastq' will be overwritten.
2020-07-14 16:34:29.115139 [guppy/info] The output file '/Users/joshl/PycharmProjects/ARS/Results/Barcode/barcode37/fastq_runid_67a0761ea992f55d7000e748e88761780ca1bb60_0.fastq' will be overwritten.
2020-07-14 16:34:29.123230 [guppy/info] The output file '/Users/joshl/PycharmProjects/ARS/Results/Barcode/barcode38/fastq_runid_67a0761ea992f55d7000e748e88761780ca1bb60_0.fastq' will be overwritten.
2020-07-14 16:34:29.129494 [guppy/info] The output file '/Users/joshl/PycharmProjects/ARS/Results/Barcode/barcode39/fastq_runid_67a0761ea992f55d7000e748e88761780ca1bb60_0.fastq' will be overwritten.
2020-07-14 16:34:29.132864 [guppy/info] The output file '/Users/joshl/PycharmProjects/ARS/Results/Barcode/barcode40/fastq_runid_67a0761ea992f55d7000e748e88761780ca1bb60_0.fastq' will be overwritten.
2020-07-14 16:34:29.136327 [guppy/info] The output file '/Users/joshl/PycharmProjects/ARS/Results/Barcode/barcode41/fastq_runid_67a0761ea992f55d7000e748e88761780ca1bb60_0.fastq' will be overwritten.
2020-07-14 16:34:29.138504 [guppy/info] The output file '/Users/joshl/PycharmProjects/ARS/Results/Barcode/barcode42/fastq_runid_67a0761ea992f55d7000e748e88761780ca1bb60_0.fastq' will be overwritten.
2020-07-14 16:34:29.141377 [guppy/info] The output file '/Users/joshl/PycharmProjects/ARS/Results/Barcode/barcode45/fastq_runid_67a0761ea992f55d7000e748e88761780ca1bb60_0.fastq' will be overwritten.
2020-07-14 16:34:29.144135 [guppy/info] The output file '/Users/joshl/PycharmProjects/ARS/Results/Barcode/barcode46/fastq_runid_67a0761ea992f55d7000e748e88761780ca1bb60_0.fastq' will be overwritten.
2020-07-14 16:34:29.146320 [guppy/info] The output file '/Users/joshl/PycharmProjects/ARS/Results/Barcode/barcode47/fastq_runid_67a0761ea992f55d7000e748e88761780ca1bb60_0.fastq' will be overwritten.
2020-07-14 16:34:29.149966 [guppy/info] The output file '/Users/joshl/PycharmProjects/ARS/Results/Barcode/barcode49/fastq_runid_67a0761ea992f55d7000e748e88761780ca1bb60_0.fastq' will be overwritten.
2020-07-14 16:34:29.153132 [guppy/info] The output file '/Users/joshl/PycharmProjects/ARS/Results/Barcode/barcode50/fastq_runid_67a0761ea992f55d7000e748e88761780ca1bb60_0.fastq' will be overwritten.
2020-07-14 16:34:29.156848 [guppy/info] The output file '/Users/joshl/PycharmProjects/ARS/Results/Barcode/barcode51/fastq_runid_67a0761ea992f55d7000e748e88761780ca1bb60_0.fastq' will be overwritten.
2020-07-14 16:34:29.159891 [guppy/info] The output file '/Users/joshl/PycharmProjects/ARS/Results/Barcode/barcode52/fastq_runid_67a0761ea992f55d7000e748e88761780ca1bb60_0.fastq' will be overwritten.
2020-07-14 16:34:29.165313 [guppy/info] The output file '/Users/joshl/PycharmProjects/ARS/Results/Barcode/barcode53/fastq_runid_67a0761ea992f55d7000e748e88761780ca1bb60_0.fastq' will be overwritten.
2020-07-14 16:34:29.170609 [guppy/info] The output file '/Users/joshl/PycharmProjects/ARS/Results/Barcode/barcode54/fastq_runid_67a0761ea992f55d7000e748e88761780ca1bb60_0.fastq' will be overwritten.
2020-07-14 16:34:29.174614 [guppy/info] The output file '/Users/joshl/PycharmProjects/ARS/Results/Barcode/barcode55/fastq_runid_67a0761ea992f55d7000e748e88761780ca1bb60_0.fastq' will be overwritten.
2020-07-14 16:34:29.180116 [guppy/info] The output file '/Users/joshl/PycharmProjects/ARS/Results/Barcode/barcode56/fastq_runid_67a0761ea992f55d7000e748e88761780ca1bb60_0.fastq' will be overwritten.
2020-07-14 16:34:29.185608 [guppy/info] The output file '/Users/joshl/PycharmProjects/ARS/Results/Barcode/barcode57/fastq_runid_67a0761ea992f55d7000e748e88761780ca1bb60_0.fastq' will be overwritten.
2020-07-14 16:34:29.188424 [guppy/info] The output file '/Users/joshl/PycharmProjects/ARS/Results/Barcode/barcode58/fastq_runid_67a0761ea992f55d7000e748e88761780ca1bb60_0.fastq' will be overwritten.
2020-07-14 16:34:29.190921 [guppy/info] The output file '/Users/joshl/PycharmProjects/ARS/Results/Barcode/barcode59/fastq_runid_67a0761ea992f55d7000e748e88761780ca1bb60_0.fastq' will be overwritten.
2020-07-14 16:34:29.194312 [guppy/info] The output file '/Users/joshl/PycharmProjects/ARS/Results/Barcode/barcode60/fastq_runid_67a0761ea992f55d7000e748e88761780ca1bb60_0.fastq' will be overwritten.
2020-07-14 16:34:29.199270 [guppy/info] The output file '/Users/joshl/PycharmProjects/ARS/Results/Barcode/barcode61/fastq_runid_67a0761ea992f55d7000e748e88761780ca1bb60_0.fastq' will be overwritten.
2020-07-14 16:34:29.201943 [guppy/info] The output file '/Users/joshl/PycharmProjects/ARS/Results/Barcode/barcode62/fastq_runid_67a0761ea992f55d7000e748e88761780ca1bb60_0.fastq' will be overwritten.
2020-07-14 16:34:29.204804 [guppy/info] The output file '/Users/joshl/PycharmProjects/ARS/Results/Barcode/barcode63/fastq_runid_67a0761ea992f55d7000e748e88761780ca1bb60_0.fastq' will be overwritten.
2020-07-14 16:34:29.208412 [guppy/info] The output file '/Users/joshl/PycharmProjects/ARS/Results/Barcode/barcode64/fastq_runid_67a0761ea992f55d7000e748e88761780ca1bb60_0.fastq' will be overwritten.
2020-07-14 16:34:29.211785 [guppy/info] The output file '/Users/joshl/PycharmProjects/ARS/Results/Barcode/barcode65/fastq_runid_67a0761ea992f55d7000e748e88761780ca1bb60_0.fastq' will be overwritten.
2020-07-14 16:34:29.216421 [guppy/info] The output file '/Users/joshl/PycharmProjects/ARS/Results/Barcode/barcode66/fastq_runid_67a0761ea992f55d7000e748e88761780ca1bb60_0.fastq' will be overwritten.
2020-07-14 16:34:29.220869 [guppy/info] The output file '/Users/joshl/PycharmProjects/ARS/Results/Barcode/barcode67/fastq_runid_67a0761ea992f55d7000e748e88761780ca1bb60_0.fastq' will be overwritten.
2020-07-14 16:34:29.227420 [guppy/info] The output file '/Users/joshl/PycharmProjects/ARS/Results/Barcode/barcode69/fastq_runid_67a0761ea992f55d7000e748e88761780ca1bb60_0.fastq' will be overwritten.
2020-07-14 16:34:29.231355 [guppy/info] The output file '/Users/joshl/PycharmProjects/ARS/Results/Barcode/barcode70/fastq_runid_67a0761ea992f55d7000e748e88761780ca1bb60_0.fastq' will be overwritten.
2020-07-14 16:34:29.233678 [guppy/info] The output file '/Users/joshl/PycharmProjects/ARS/Results/Barcode/barcode76/fastq_runid_67a0761ea992f55d7000e748e88761780ca1bb60_0.fastq' will be overwritten.
2020-07-14 16:34:29.238831 [guppy/info] The output file '/Users/joshl/PycharmProjects/ARS/Results/Barcode/barcode77/fastq_runid_67a0761ea992f55d7000e748e88761780ca1bb60_0.fastq' will be overwritten.
2020-07-14 16:34:29.241633 [guppy/info] The output file '/Users/joshl/PycharmProjects/ARS/Results/Barcode/barcode78/fastq_runid_67a0761ea992f55d7000e748e88761780ca1bb60_0.fastq' will be overwritten.
2020-07-14 16:34:29.243402 [guppy/info] The output file '/Users/joshl/PycharmProjects/ARS/Results/Barcode/barcode79/fastq_runid_67a0761ea992f55d7000e748e88761780ca1bb60_0.fastq' will be overwritten.
2020-07-14 16:34:29.247585 [guppy/info] The output file '/Users/joshl/PycharmProjects/ARS/Results/Barcode/barcode81/fastq_runid_67a0761ea992f55d7000e748e88761780ca1bb60_0.fastq' will be overwritten.
2020-07-14 16:34:29.249205 [guppy/info] The output file '/Users/joshl/PycharmProjects/ARS/Results/Barcode/barcode82/fastq_runid_67a0761ea992f55d7000e748e88761780ca1bb60_0.fastq' will be overwritten.
2020-07-14 16:34:29.250926 [guppy/info] The output file '/Users/joshl/PycharmProjects/ARS/Results/Barcode/barcode83/fastq_runid_67a0761ea992f55d7000e748e88761780ca1bb60_0.fastq' will be overwritten.
2020-07-14 16:34:29.252860 [guppy/info] The output file '/Users/joshl/PycharmProjects/ARS/Results/Barcode/barcode85/fastq_runid_67a0761ea992f55d7000e748e88761780ca1bb60_0.fastq' will be overwritten.
2020-07-14 16:34:29.253024 [guppy/info] The output file '/Users/joshl/PycharmProjects/ARS/Results/Barcode/barcode89/fastq_runid_67a0761ea992f55d7000e748e88761780ca1bb60_0.fastq' will be overwritten.
2020-07-14 16:34:29.255991 [guppy/info] The output file '/Users/joshl/PycharmProjects/ARS/Results/Barcode/barcode90/fastq_runid_67a0761ea992f55d7000e748e88761780ca1bb60_0.fastq' will be overwritten.
2020-07-14 16:34:29.259690 [guppy/info] The output file '/Users/joshl/PycharmProjects/ARS/Results/Barcode/barcode91/fastq_runid_67a0761ea992f55d7000e748e88761780ca1bb60_0.fastq' will be overwritten.
2020-07-14 16:34:29.265742 [guppy/info] The output file '/Users/joshl/PycharmProjects/ARS/Results/Barcode/barcode93/fastq_runid_67a0761ea992f55d7000e748e88761780ca1bb60_0.fastq' will be overwritten.
2020-07-14 16:34:29.270683 [guppy/info] The output file '/Users/joshl/PycharmProjects/ARS/Results/Barcode/barcode95/fastq_runid_67a0761ea992f55d7000e748e88761780ca1bb60_0.fastq' will be overwritten.
2020-07-14 16:34:29.277750 [guppy/info] The output file '/Users/joshl/PycharmProjects/ARS/Results/Barcode/unclassified/fastq_runid_67a0761ea992f55d7000e748e88761780ca1bb60_2.fastq' will be overwritten.
