2020-07-15 09:42:22.215106 [guppy/message] ONT Guppy barcoding software version 4.0.11+f1071ce
input path:         /Users/joshl/PycharmProjects/ARS/Results/Basecall/
save path:          /Users/joshl/PycharmProjects/ARS/Results/Barcode/
arrangement files:  barcode_arrs_pcr96.cfg 
min. score front:   60
min. score rear:    60

2020-07-15 09:42:22.215648 [guppy/info] crashpad_handler not supported on this platform.
2020-07-15 09:42:22.216314 [guppy/info] Starting input file /Users/joshl/PycharmProjects/ARS/Results/Basecall/FAL03879_67a0761e_1055/fastq_runid_67a0761ea992f55d7000e748e88761780ca1bb60_0_0.fastq
2020-07-15 09:42:34.433295 [guppy/info] Successfully finished input file /Users/joshl/PycharmProjects/ARS/Results/Basecall/FAL03879_67a0761e_1055/fastq_runid_67a0761ea992f55d7000e748e88761780ca1bb60_0_0.fastq (4000 reads)
2020-07-15 09:42:34.433343 [guppy/info] Starting input file /Users/joshl/PycharmProjects/ARS/Results/Basecall/FAL03879_67a0761e_806/fastq_runid_67a0761ea992f55d7000e748e88761780ca1bb60_0_0.fastq
2020-07-15 09:42:49.048992 [guppy/info] Successfully finished input file /Users/joshl/PycharmProjects/ARS/Results/Basecall/FAL03879_67a0761e_806/fastq_runid_67a0761ea992f55d7000e748e88761780ca1bb60_0_0.fastq (4000 reads)
2020-07-15 09:42:49.049040 [guppy/info] Starting input file /Users/joshl/PycharmProjects/ARS/Results/Basecall/FAL03879_67a0761e_11/fastq_runid_67a0761ea992f55d7000e748e88761780ca1bb60_0_0.fastq
2020-07-15 09:42:57.039665 [guppy/info] Successfully finished input file /Users/joshl/PycharmProjects/ARS/Results/Basecall/FAL03879_67a0761e_11/fastq_runid_67a0761ea992f55d7000e748e88761780ca1bb60_0_0.f2020-07-15 09:43:01.113506 [guppy/info] Successfully finished input file /Users/joshl/PycharmProjects/ARS/Results/Basecall/FAL03879_67a0761e_11/fastq_runid_67a0761ea992f55d7000e748e88761780ca1bb60_0_0.fastq (4000 2020-07-15 09:43:09.776978 [guppy/info] Successfully finished input file /Users/joshl/PycharmProjects/ARS/Results/Basecall/FAL03879_67a0761e_539/fastq_runid_67a0761ea992f55d7000e748e88761780ca1bb60_0_0.2020-07-15 09:43:14.977891 [guppy/info] Successfully finished input file /Users/joshl/PycharmProjects/ARS/Results/Basecall/FAL03879_67a0761e_539/fastq_runid_67a0761ea992f55d7000e748e88761780ca1bb60_0_0.fastq (4000 2020-07-15 09:43:23.655458 [guppy/info] Successfully finished input file /Users/joshl/PycharmProjects/ARS/Results/Basecall/FAL03879_67a0761e_163/fastq_runid_67a0761ea992f55d7000e748e88761780ca1bb60_0_0.fastq (4000 reads)
2020-07-15 09:43:23.655504 [guppy/info] Starting input file /Users/joshl/PycharmProjects/ARS/Results/Basecall/FAL03879_67a0761e_1275/fastq_runid_67a0761ea992f55d7000e748e88761780ca1bb2020-07-15 092020-07-15 09:43:36.176399 [guppy/info] Successfully finished input file /Users/joshl/PycharmProjects/ARS/Results/Basecall/FAL03879_67a0761e_1275/fastq_runid_67a0761ea992f55d7000e748e88761780ca1bb60_0_0.fastq (4000 reads)
2020-07-15 09:43:36.176445 [guppy/message] Done in 73965 ms.
2020-07-15 09:43:36.187517 [guppy/info] The output file '/Users/joshl/PycharmProjects/ARS/Results/Barcode/barcode01/fastq2020-07-15 09:43:38.608514 [guppy/info] Successfully finished input file /Users/joshl/PycharmProjects/ARS/Results/Basecall/FAL03879_67a0761e_1275/fastq_runid_67a0761ea992f55d7000e748e88761780ca1bb60_0_0.fastq (4000 reads)
2020-07-15 09:43:38.608703 [guppy/message] Done in 76412 ms.
2020-07-15 09:43:38.619286 [guppy/info] The output file '/Users/joshl/PycharmProjects/ARS/Results/Barcode/barcode01/fastq_runid_67a0761ea992f55d7000e748e88761780ca1bb60_0.fastq' will be overwritten.
2020-07-15 09:43:38.624031 [guppy/info] The output file '/Users/joshl/PycharmProjects/ARS/Results/Barcode/barcode02/fastq_runid_67a0761ea992f55d7000e748e88761780ca1bb60_0.fastq' will be overwritten.
2020-07-15 09:43:38.627942 [guppy/info] The output file '/Users/joshl/PycharmProjects/ARS/Results/Barcode/barcode03/fastq_runid_67a0761ea992f55d7000e748e88761780ca1bb60_0.fastq' will be overwritten.
2020-07-15 09:43:38.631861 [guppy/info] The output file '/Users/joshl/PycharmProjects/ARS/Results/Barcode/barcode04/fastq_runid_67a0761ea992f55d7000e748e88761780ca1bb60_0.fastq' will be overwritten.
2020-07-15 09:43:38.635750 [guppy/info] The output file '/Users/joshl/PycharmProjects/ARS/Results/Barcode/barcode05/fastq_runid_67a0761ea992f55d7000e748e88761780ca1bb60_0.fastq' will be overwritten.
2020-07-15 09:43:38.639677 [guppy/info] The output file '/Users/joshl/PycharmProjects/ARS/Results/Barcode/barcode06/fastq_runid_67a0761ea992f55d7000e748e88761780ca1bb60_0.fastq' will be overwritten.
2020-07-15 09:43:38.644144 [guppy/info] The output file '/Users/joshl/PycharmProjects/ARS/Results/Barcode/barcode07/fastq_runid_67a0761ea992f55d7000e748e88761780ca1bb60_0.fastq' will be overwritten.
2020-07-15 09:43:38.649592 [guppy/info] The output file '/Users/joshl/PycharmProjects/ARS/Results/Barcode/barcode08/fastq_runid_67a0761ea992f55d7000e748e88761780ca1bb60_0.fastq' will be overwritten.
2020-07-15 09:43:38.661790 [guppy/info] The output file '/Users/joshl/PycharmProjects/ARS/Results/Barcode/barcode09/fastq_runid_67a0761ea992f55d7000e748e88761780ca1bb60_0.fastq' will be overwritten.
2020-07-15 09:43:38.667292 [guppy/info] The output file '/Users/joshl/PycharmProjects/ARS/Results/Barcode/barcode10/fastq_runid_67a0761ea992f55d7000e748e88761780ca1bb60_0.fastq' will be overwritten.
2020-07-15 09:43:38.671137 [guppy/info] The output file '/Users/joshl/PycharmProjects/ARS/Results/Barcode/barcode11/fastq_runid_67a0761ea992f55d7000e748e88761780ca1bb60_0.fastq' will be overwritten.
2020-07-15 09:43:38.675510 [guppy/info] The output file '/Users/joshl/PycharmProjects/ARS/Results/Barcode/barcode12/fastq_runid_67a0761ea992f55d7000e748e88761780ca1bb60_0.fastq' will be overwritten.
2020-07-15 09:43:38.678154 [guppy/info] The output file '/Users/joshl/PycharmProjects/ARS/Results/Barcode/barcode13/fastq_runid_67a0761ea992f55d7000e748e88761780ca1bb60_0.fastq' will be overwritten.
2020-07-15 09:43:38.682060 [guppy/info] The output file '/Users/joshl/PycharmProjects/ARS/Results/Barcode/barcode14/fastq_runid_67a0761ea992f55d7000e748e88761780ca1bb60_0.fastq' will be overwritten.
2020-07-15 09:43:38.685651 [guppy/info] The output file '/Users/joshl/PycharmProjects/ARS/Results/Barcode/barcode15/fastq_runid_67a0761ea992f55d7000e748e88761780ca1bb60_0.fastq' will be overwritten.
2020-07-15 09:43:38.689082 [guppy/info] The output file '/Users/joshl/PycharmProjects/ARS/Results/Barcode/barcode16/fastq_runid_67a0761ea992f55d7000e748e88761780ca1bb60_0.fastq' will be overwritten.
2020-07-15 09:43:38.691941 [guppy/info] The output file '/Users/joshl/PycharmProjects/ARS/Results/Barcode/barcode17/fastq_runid_67a0761ea992f55d7000e748e88761780ca1bb60_0.fastq' will be overwritten.
2020-07-15 09:43:38.695166 [guppy/info] The output file '/Users/joshl/PycharmProjects/ARS/Results/Barcode/barcode18/fastq_runid_67a0761ea992f55d7000e748e88761780ca1bb60_0.fastq' will be overwritten.
2020-07-15 09:43:38.699426 [guppy/info] The output file '/Users/joshl/PycharmProjects/ARS/Results/Barcode/barcode20/fastq_runid_67a0761ea992f55d7000e748e88761780ca1bb60_0.fastq' will be overwritten.
2020-07-15 09:43:38.711147 [guppy/info] The output file '/Users/joshl/PycharmProjects/ARS/Results/Barcode/barcode21/fastq_runid_67a0761ea992f55d7000e748e88761780ca1bb60_0.fastq' will be overwritten.
2020-07-15 09:43:38.716821 [guppy/info] The output file '/Users/joshl/PycharmProjects/ARS/Results/Barcode/barcode22/fastq_runid_67a0761ea992f55d7000e748e88761780ca1bb60_0.fastq' will be overwritten.
2020-07-15 09:43:38.720594 [guppy/info] The output file '/Users/joshl/PycharmProjects/ARS/Results/Barcode/barcode23/fastq_runid_67a0761ea992f55d7000e748e88761780ca1bb60_0.fastq' will be overwritten.
2020-07-15 09:43:38.724502 [guppy/info] The output file '/Users/joshl/PycharmProjects/ARS/Results/Barcode/barcode24/fastq_runid_67a0761ea992f55d7000e748e88761780ca1bb60_0.fastq' will be overwritten.
2020-07-15 09:43:38.727517 [guppy/info] The output file '/Users/joshl/PycharmProjects/ARS/Results/Barcode/barcode25/fastq_runid_67a0761ea992f55d7000e748e88761780ca1bb60_0.fastq' will be overwritten.
2020-07-15 09:43:38.731368 [guppy/info] The output file '/Users/joshl/PycharmProjects/ARS/Results/Barcode/barcode26/fastq_runid_67a0761ea992f55d7000e748e88761780ca1bb60_0.fastq' will be overwritten.
2020-07-15 09:43:38.734636 [guppy/info] The output file '/Users/joshl/PycharmProjects/ARS/Results/Barcode/barcode27/fastq_runid_67a0761ea992f55d7000e748e88761780ca1bb60_0.fastq' will be overwritten.
2020-07-15 09:43:38.738257 [guppy/info] The output file '/Users/joshl/PycharmProjects/ARS/Results/Barcode/barcode28/fastq_runid_67a0761ea992f55d7000e748e88761780ca1bb60_0.fastq' will be overwritten.
2020-07-15 09:43:38.741372 [guppy/info] The output file '/Users/joshl/PycharmProjects/ARS/Results/Barcode/barcode29/fastq_runid_67a0761ea992f55d7000e748e88761780ca1bb60_0.fastq' will be overwritten.
2020-07-15 09:43:38.743911 [guppy/info] The output file '/Users/joshl/PycharmProjects/ARS/Results/Barcode/barcode31/fastq_runid_67a0761ea992f55d7000e748e88761780ca1bb60_0.fastq' will be overwritten.
2020-07-15 09:43:38.746802 [guppy/info] The output file '/Users/joshl/PycharmProjects/ARS/Results/Barcode/barcode32/fastq_runid_67a0761ea992f55d7000e748e88761780ca1bb60_0.fastq' will be overwritten.
2020-07-15 09:43:38.752589 [guppy/info] The output file '/Users/joshl/PycharmProjects/ARS/Results/Barcode/barcode33/fastq_runid_67a0761ea992f55d7000e748e88761780ca1bb60_0.fastq' will be overwritten.
2020-07-15 09:43:38.756893 [guppy/info] The output file '/Users/joshl/PycharmProjects/ARS/Results/Barcode/barcode35/fastq_runid_67a0761ea992f55d7000e748e88761780ca1bb60_0.fastq' will be overwritten.
2020-07-15 09:43:38.763359 [guppy/info] The output file '/Users/joshl/PycharmProjects/ARS/Results/Barcode/barcode36/fastq_runid_67a0761ea992f55d7000e748e88761780ca1bb60_0.fastq' will be overwritten.
2020-07-15 09:43:38.767360 [guppy/info] The output file '/Users/joshl/PycharmProjects/ARS/Results/Barcode/barcode37/fastq_runid_67a0761ea992f55d7000e748e88761780ca1bb60_0.fastq' will be overwritten.
2020-07-15 09:43:38.771158 [guppy/info] The output file '/Users/joshl/PycharmProjects/ARS/Results/Barcode/barcode38/fastq_runid_67a0761ea992f55d7000e748e88761780ca1bb60_0.fastq' will be overwritten.
2020-07-15 09:43:38.774457 [guppy/info] The output file '/Users/joshl/PycharmProjects/ARS/Results/Barcode/barcode39/fastq_runid_67a0761ea992f55d7000e748e88761780ca1bb60_0.fastq' will be overwritten.
2020-07-15 09:43:38.777435 [guppy/info] The output file '/Users/joshl/PycharmProjects/ARS/Results/Barcode/barcode40/fastq_runid_67a0761ea992f55d7000e748e88761780ca1bb60_0.fastq' will be overwritten.
2020-07-15 09:43:38.780709 [guppy/info] The output file '/Users/joshl/PycharmProjects/ARS/Results/Barcode/barcode41/fastq_runid_67a0761ea992f55d7000e748e88761780ca1bb60_0.fastq' will be overwritten.
2020-07-15 09:43:38.782789 [guppy/info] The output file '/Users/joshl/PycharmProjects/ARS/Results/Barcode/barcode42/fastq_runid_67a0761ea992f55d7000e748e88761780ca1bb60_0.fastq' will be overwritten.
2020-07-15 09:43:38.785483 [guppy/info] The output file '/Users/joshl/PycharmProjects/ARS/Results/Barcode/barcode45/fastq_runid_67a0761ea992f55d7000e748e88761780ca1bb60_0.fastq' will be overwritten.
2020-07-15 09:43:38.788162 [guppy/info] The output file '/Users/joshl/PycharmProjects/ARS/Results/Barcode/barcode46/fastq_runid_67a0761ea992f55d7000e748e88761780ca1bb60_0.fastq' will be overwritten.
2020-07-15 09:43:38.790275 [guppy/info] The output file '/Users/joshl/PycharmProjects/ARS/Results/Barcode/barcode47/fastq_runid_67a0761ea992f55d7000e748e88761780ca1bb60_0.fastq' will be overwritten.
2020-07-15 09:43:38.793889 [guppy/info] The output file '/Users/joshl/PycharmProjects/ARS/Results/Barcode/barcode49/fastq_runid_67a0761ea992f55d7000e748e88761780ca1bb60_0.fastq' will be overwritten.
2020-07-15 09:43:38.797072 [guppy/info] The output file '/Users/joshl/PycharmProjects/ARS/Results/Barcode/barcode50/fastq_runid_67a0761ea992f55d7000e748e88761780ca1bb60_0.fastq' will be overwritten.
2020-07-15 09:43:38.803471 [guppy/info] The output file '/Users/joshl/PycharmProjects/ARS/Results/Barcode/barcode51/fastq_runid_67a0761ea992f55d7000e748e88761780ca1bb60_0.fastq' will be overwritten.
2020-07-15 09:43:38.808107 [guppy/info] The output file '/Users/joshl/PycharmProjects/ARS/Results/Barcode/barcode52/fastq_runid_67a0761ea992f55d7000e748e88761780ca1bb60_0.fastq' will be overwritten.
2020-07-15 09:43:38.814470 [guppy/info] The output file '/Users/joshl/PycharmProjects/ARS/Results/Barcode/barcode53/fastq_runid_67a0761ea992f55d7000e748e88761780ca1bb60_0.fastq' will be overwritten.
2020-07-15 09:43:38.817415 [guppy/info] The output file '/Users/joshl/PycharmProjects/ARS/Results/Barcode/barcode54/fastq_runid_67a0761ea992f55d7000e748e88761780ca1bb60_0.fastq' will be overwritten.
2020-07-15 09:43:38.819755 [guppy/info] The output file '/Users/joshl/PycharmProjects/ARS/Results/Barcode/barcode55/fastq_runid_67a0761ea992f55d7000e748e88761780ca1bb60_0.fastq' will be overwritten.
2020-07-15 09:43:38.823428 [guppy/info] The output file '/Users/joshl/PycharmProjects/ARS/Results/Barcode/barcode56/fastq_runid_67a0761ea992f55d7000e748e88761780ca1bb60_0.fastq' will be overwritten.
2020-07-15 09:43:38.828692 [guppy/info] The output file '/Users/joshl/PycharmProjects/ARS/Results/Barcode/barcode57/fastq_runid_67a0761ea992f55d7000e748e88761780ca1bb60_0.fastq' will be overwritten.
2020-07-15 09:43:38.831447 [guppy/info] The output file '/Users/joshl/PycharmProjects/ARS/Results/Barcode/barcode58/fastq_runid_67a0761ea992f55d7000e748e88761780ca1bb60_0.fastq' will be overwritten.
2020-07-15 09:43:38.833743 [guppy/info] The output file '/Users/joshl/PycharmProjects/ARS/Results/Barcode/barcode59/fastq_runid_67a0761ea992f55d7000e748e88761780ca1bb60_0.fastq' will be overwritten.
2020-07-15 09:43:38.836946 [guppy/info] The output file '/Users/joshl/PycharmProjects/ARS/Results/Barcode/barcode60/fastq_runid_67a0761ea992f55d7000e748e88761780ca1bb60_0.fastq' will be overwritten.
2020-07-15 09:43:38.841801 [guppy/info] The output file '/Users/joshl/PycharmProjects/ARS/Results/Barcode/barcode61/fastq_runid_67a0761ea992f55d7000e748e88761780ca1bb60_0.fastq' will be overwritten.
2020-07-15 09:43:38.844427 [guppy/info] The output file '/Users/joshl/PycharmProjects/ARS/Results/Barcode/barcode62/fastq_runid_67a0761ea992f55d7000e748e88761780ca1bb60_0.fastq' will be overwritten.
2020-07-15 09:43:38.847187 [guppy/info] The output file '/Users/joshl/PycharmProjects/ARS/Results/Barcode/barcode63/fastq_runid_67a0761ea992f55d7000e748e88761780ca1bb60_0.fastq' will be overwritten.
2020-07-15 09:43:38.853014 [guppy/info] The output file '/Users/joshl/PycharmProjects/ARS/Results/Barcode/barcode64/fastq_runid_67a0761ea992f55d7000e748e88761780ca1bb60_0.fastq' will be overwritten.
2020-07-15 09:43:38.859229 [guppy/info] The output file '/Users/joshl/PycharmProjects/ARS/Results/Barcode/barcode65/fastq_runid_67a0761ea992f55d7000e748e88761780ca1bb60_0.fastq' will be overwritten.
2020-07-15 09:43:38.862742 [guppy/info] The output file '/Users/joshl/PycharmProjects/ARS/Results/Barcode/barcode66/fastq_runid_67a0761ea992f55d7000e748e88761780ca1bb60_0.fastq' will be overwritten.
2020-07-15 09:43:38.865217 [guppy/info] The output file '/Users/joshl/PycharmProjects/ARS/Results/Barcode/barcode67/fastq_runid_67a0761ea992f55d7000e748e88761780ca1bb60_0.fastq' will be overwritten.
2020-07-15 09:43:38.868535 [guppy/info] The output file '/Users/joshl/PycharmProjects/ARS/Results/Barcode/barcode69/fastq_runid_67a0761ea992f55d7000e748e88761780ca1bb60_0.fastq' will be overwritten.
2020-07-15 09:43:38.871744 [guppy/info] The output file '/Users/joshl/PycharmProjects/ARS/Results/Barcode/barcode70/fastq_runid_67a0761ea992f55d7000e748e88761780ca1bb60_0.fastq' will be overwritten.
2020-07-15 09:43:38.873887 [guppy/info] The output file '/Users/joshl/PycharmProjects/ARS/Results/Barcode/barcode76/fastq_runid_67a0761ea992f55d7000e748e88761780ca1bb60_0.fastq' will be overwritten.
2020-07-15 09:43:38.878712 [guppy/info] The output file '/Users/joshl/PycharmProjects/ARS/Results/Barcode/barcode77/fastq_runid_67a0761ea992f55d7000e748e88761780ca1bb60_0.fastq' will be overwritten.
2020-07-15 09:43:38.881426 [guppy/info] The output file '/Users/joshl/PycharmProjects/ARS/Results/Barcode/barcode78/fastq_runid_67a0761ea992f55d7000e748e88761780ca1bb60_0.fastq' will be overwritten.
2020-07-15 09:43:38.883159 [guppy/info] The output file '/Users/joshl/PycharmProjects/ARS/Results/Barcode/barcode79/fastq_runid_67a0761ea992f55d7000e748e88761780ca1bb60_0.fastq' will be overwritten.
2020-07-15 09:43:38.887212 [guppy/info] The output file '/Users/joshl/PycharmProjects/ARS/Results/Barcode/barcode81/fastq_runid_67a0761ea992f55d7000e748e88761780ca1bb60_0.fastq' will be overwritten.
2020-07-15 09:43:38.888745 [guppy/info] The output file '/Users/joshl/PycharmProjects/ARS/Results/Barcode/barcode82/fastq_runid_67a0761ea992f55d7000e748e88761780ca1bb60_0.fastq' will be overwritten.
2020-07-15 09:43:38.890380 [guppy/info] The output file '/Users/joshl/PycharmProjects/ARS/Results/Barcode/barcode83/fastq_runid_67a0761ea992f55d7000e748e88761780ca1bb60_0.fastq' will be overwritten.
2020-07-15 09:43:38.892282 [guppy/info] The output file '/Users/joshl/PycharmProjects/ARS/Results/Barcode/barcode85/fastq_runid_67a0761ea992f55d7000e748e88761780ca1bb60_0.fastq' will be overwritten.
2020-07-15 09:43:38.892431 [guppy/info] The output file '/Users/joshl/PycharmProjects/ARS/Results/Barcode/barcode89/fastq_runid_67a0761ea992f55d7000e748e88761780ca1bb60_0.fastq' will be overwritten.
2020-07-15 09:43:38.895400 [guppy/info] The output file '/Users/joshl/PycharmProjects/ARS/Results/Barcode/barcode90/fastq_runid_67a0761ea992f55d7000e748e88761780ca1bb60_0.fastq' will be overwritten.
2020-07-15 09:43:38.900055 [guppy/info] The output file '/Users/joshl/PycharmProjects/ARS/Results/Barcode/barcode91/fastq_runid_67a0761ea992f55d7000e748e88761780ca1bb60_0.fastq' will be overwritten.
2020-07-15 09:43:38.906525 [guppy/info] The output file '/Users/joshl/PycharmProjects/ARS/Results/Barcode/barcode93/fastq_runid_67a0761ea992f55d7000e748e88761780ca1bb60_0.fastq' will be overwritten.
2020-07-15 09:43:38.910043 [guppy/info] The output file '/Users/joshl/PycharmProjects/ARS/Results/Barcode/barcode95/fastq_runid_67a0761ea992f55d7000e748e88761780ca1bb60_0.fastq' will be overwritten.
2020-07-15 09:43:38.914995 [guppy/info] The output file '/Users/joshl/PycharmProjects/ARS/Results/Barcode/unclassified/fastq_runid_67a0761ea992f55d7000e748e88761780ca1bb60_2.fastq' will be overwritten.
