2020-07-31 10:51:36.195187 [guppy/message] ONT Guppy barcoding software version 4.0.14+8d3226e
input path:         /Users/joshl/PycharmProjects/ARS/Results/Basecall/
save path:          /Users/joshl/PycharmProjects/ARS/Results/.temp/barcodeTempOutput/
arrangement files:  barcode_arrs_pcr96.cfg 
min. score front:   60
min. score rear:    60

2020-07-31 10:51:36.196605 [guppy/info] crashpad_handler not supported on this platform.
2020-07-31 10:51:36.196905 [guppy/info] Starting input file /Users/joshl/PycharmProjects/ARS/Results/Basecall/fastq_runid_67a0761ea992f55d7000e748e88761780ca1bb60_4_0.fastq
2020-07-31 10:51:40.160528 [guppy/info] Successfully finished input file /Users/joshl/PycharmProjects/ARS/Results/Basecall/fastq_runid_67a0761ea992f55d7000e748e88761780ca1bb60_4_0.fastq (4000 reads)
2020-07-31 10:51:40.160571 [guppy/info] Starting input file /Users/joshl/PycharmProjects/ARS/Results/Basecall/fastq_runid_67a0761ea992f55d7000e748e88761780ca1bb60_5_0.fastq
2020-07-31 10:51:44.125849 [guppy/info] Successfully finished input file /Users/joshl/PycharmProjects/ARS/Results/Basecall/fastq_runid_67a0761ea992f55d7000e748e88761780ca1bb60_5_0.fastq (4000 reads)
2020-07-31 10:51:44.125896 [guppy/info] Starting input file /Users/joshl/PycharmProjects/ARS/Results/Basecall/fastq_runid_67a0761ea992f55d7000e748e88761780ca1bb60_0_0.fastq
2020-07-31 10:51:49.466313 [guppy/info] Successfully finished input file /Users/joshl/PycharmProjects/ARS/Results/Basecall/fastq_runid_67a0761ea992f55d7000e748e88761780ca1bb60_0_0.fastq (4000 reads)
2020-07-31 10:51:49.466431 [guppy/info] Starting input file /Users/joshl/PycharmProjects/ARS/Results/Basecall/fastq_runid_67a0761ea992f55d7000e748e88761780ca1bb60_1_0.fastq
2020-07-31 10:51:54.610569 [guppy/info] Successfully finished input file /Users/joshl/PycharmProjects/ARS/Results/Basecall/fastq_runid_67a0761ea992f55d7000e748e88761780ca1bb60_1_0.fastq (4000 reads)
2020-07-31 10:51:54.610646 [guppy/info] Starting input file /Users/joshl/PycharmProjects/ARS/Results/Basecall/fastq_runid_67a0761ea992f55d7000e748e88761780ca1bb60_3_0.fastq
2020-07-31 10:51:58.225004 [guppy/info] Successfully finished input file /Users/joshl/PycharmProjects/ARS/Results/Basecall/fastq_runid_67a0761ea992f55d7000e748e88761780ca1bb60_3_0.fastq (4000 reads)
2020-07-31 10:51:58.225099 [guppy/info] Starting input file /Users/joshl/PycharmProjects/ARS/Results/Basecall/fastq_runid_67a0761ea992f55d7000e748e88761780ca1bb60_2_0.fastq
2020-07-31 10:52:01.875990 [guppy/info] Successfully finished input file /Users/joshl/PycharmProjects/ARS/Results/Basecall/fastq_runid_67a0761ea992f55d7000e748e88761780ca1bb60_2_0.fastq (4000 reads)
2020-07-31 10:52:01.876055 [guppy/message] Done in 25681 ms.
