Building DAG of jobs...
Using shell: /bin/bash
Provided cores: 12
Rules claiming more threads will be scaled down.
Job counts:
	count	jobs
	1	all
	1	barcode
	1	basecall
	3

[Wed Aug 12 15:56:47 2020]
checkpoint basecall:
    input: data_files/fast5/
    output: results/basecall/
    jobid: 1
Downstream jobs will be updated after completion.

Updating job 2 (barcode).
Updating job 0 (all).
[Wed Aug 12 16:08:28 2020]
Finished job 1.
1 of 5 steps (20%) done

[Wed Aug 12 16:08:28 2020]
rule collate_basecall_fastq_files:
    input: results/basecall
    output: results/.temp/basecall.temp.merged.files.fastq
    jobid: 5


[Wed Aug 12 16:08:28 2020]
checkpoint barcode:
    input: results/basecall/
    output: results/.temp/barcodeTempOutput/
    jobid: 2
Downstream jobs will be updated after completion.

[Wed Aug 12 16:08:28 2020]
Finished job 5.
2 of 5 steps (40%) done

[Wed Aug 12 16:08:28 2020]
rule NanoPlotBasecall:
    input: results/.temp/basecall.temp.merged.files.fastq
    output: results/visuals/nanoplot/basecall/
    jobid: 4

[Wed Aug 12 16:08:39 2020]
Finished job 4.
3 of 5 steps (60%) done
Updating job 3 (all).
MissingInputException in line 377 of /Users/joshl/PycharmProjects/ARS/Snakefile:
Missing input files for rule fq2fa:
r
Removing output files of failed job barcode since they might be corrupted:
results/.temp/barcodeTempOutput/
Shutting down, this might take some time.
Exiting because a job execution failed. Look above for error message
Complete log: /Users/joshl/PycharmProjects/ARS/.snakemake/log/2020-08-12T155647.059576.snakemake.log
