Building DAG of jobs...
Updating job 2 (barcode).
Updating job 0 (all).
Using shell: /bin/bash
Provided cores: 12
Rules claiming more threads will be scaled down.
Job counts:
	count	jobs
	1	NanoPlotBasecall
	1	all
	1	barcode
	3

[Wed Aug 12 16:12:12 2020]
rule NanoPlotBasecall:
    input: results/.temp/basecall.temp.merged.files.fastq
    output: results/visuals/nanoplot/basecall/
    jobid: 4


[Wed Aug 12 16:12:12 2020]
checkpoint barcode:
    input: results/basecall/
    output: results/.temp/barcodeTempOutput/
    jobid: 2
Downstream jobs will be updated after completion.

[Wed Aug 12 16:12:22 2020]
Finished job 4.
1 of 3 steps (33%) done
Updating job 3 (all).
WildcardError in line 308 of /Users/joshl/PycharmProjects/ARS/Snakefile:
Wildcards in input files cannot be determined from output files:
'barcode'
Removing output files of failed job barcode since they might be corrupted:
results/.temp/barcodeTempOutput/
Shutting down, this might take some time.
Exiting because a job execution failed. Look above for error message
Complete log: /Users/joshl/PycharmProjects/ARS/.snakemake/log/2020-08-12T161212.023013.snakemake.log
