Building DAG of jobs...
Job counts:
	count	jobs
	1	all
	6	barcode
	6	basecall
	13

[Fri Jul 10 11:18:35 2020]
rule basecall:
    input: /Users/joshl/PycharmProjects/ARS/Results/DataFiles/fast5/FAL03879_67a0761e_806.fast5
    output: /Users/joshl/PycharmProjects/ARS/Results/Basecall/FAL03879_67a0761e_806, /Users/joshl/PycharmProjects/ARS/Results/Basecall/.temp/FAL03879_67a0761e_806/
    jobid: 6
    wildcards: sample=FAL03879_67a0761e_806


[Fri Jul 10 11:18:35 2020]
rule barcode:
    input: /Users/joshl/PycharmProjects/ARS/Results/Basecall/FAL03879_67a0761e_806/fastq_runid_67a0761ea992f55d7000e748e88761780ca1bb60_0_0.fastq
    output: /Users/joshl/PycharmProjects/ARS/Results/Barcode/FAL03879_67a0761e_806/fastq_runid_67a0761ea992f55d7000e748e88761780ca1bb60_0_0
    jobid: 8
    wildcards: sample=FAL03879_67a0761e_806/fastq_runid_67a0761ea992f55d7000e748e88761780ca1bb60_0_0

RuleException in line 54 of /Users/joshl/PycharmProjects/ARS/snakemake/Snakefile:
'OutputFiles' object has no attribute 'temp_directory'
