Building DAG of jobs...
Using shell: /bin/bash
Provided cores: 12
Rules claiming more threads will be scaled down.
Conda environments: ignored
Job counts:
	count	jobs
	1	all
	6	barcode
	7

[Fri Jul 10 15:18:16 2020]
rule barcode:
    input: /Users/joshl/PycharmProjects/ARS/Results/Basecall/FAL03879_67a0761e_163/fastq_runid_67a0761ea992f55d7000e748e88761780ca1bb60_0_0.fastq
    output: /Users/joshl/PycharmProjects/ARS/Results/Barcode/FAL03879_67a0761e_163/fastq_runid_67a0761ea992f55d7000e748e88761780ca1bb60_0_0
    jobid: 11
    wildcards: fastq_files=FAL03879_67a0761e_163/fastq_runid_67a0761ea992f55d7000e748e88761780ca1bb60_0_0


[Fri Jul 10 15:18:16 2020]
rule barcode:
    input: /Users/joshl/PycharmProjects/ARS/Results/Basecall/FAL03879_67a0761e_1275/fastq_runid_67a0761ea992f55d7000e748e88761780ca1bb60_0_0.fastq
    output: /Users/joshl/PycharmProjects/ARS/Results/Barcode/FAL03879_67a0761e_1275/fastq_runid_67a0761ea992f55d7000e748e88761780ca1bb60_0_0
    jobid: 12
    wildcards: fastq_files=FAL03879_67a0761e_1275/fastq_runid_67a0761ea992f55d7000e748e88761780ca1bb60_0_0


[Fri Jul 10 15:18:16 2020]
rule barcode:
    input: /Users/joshl/PycharmProjects/ARS/Results/Basecall/FAL03879_67a0761e_11/fastq_runid_67a0761ea992f55d7000e748e88761780ca1bb60_0_0.fastq
    output: /Users/joshl/PycharmProjects/ARS/Results/Barcode/FAL03879_67a0761e_11/fastq_runid_67a0761ea992f55d7000e748e88761780ca1bb60_0_0
    jobid: 9
    wildcards: fastq_files=FAL03879_67a0761e_11/fastq_runid_67a0761ea992f55d7000e748e88761780ca1bb60_0_0


[Fri Jul 10 15:18:16 2020]
rule barcode:
    input: /Users/joshl/PycharmProjects/ARS/Results/Basecall/FAL03879_67a0761e_539/fastq_runid_67a0761ea992f55d7000e748e88761780ca1bb60_0_0.fastq
    output: /Users/joshl/PycharmProjects/ARS/Results/Barcode/FAL03879_67a0761e_539/fastq_runid_67a0761ea992f55d7000e748e88761780ca1bb60_0_0
    jobid: 10
    wildcards: fastq_files=FAL03879_67a0761e_539/fastq_runid_67a0761ea992f55d7000e748e88761780ca1bb60_0_0


[Fri Jul 10 15:18:16 2020]
rule barcode:
    input: /Users/joshl/PycharmProjects/ARS/Results/Basecall/FAL03879_67a0761e_806/fastq_runid_67a0761ea992f55d7000e748e88761780ca1bb60_0_0.fastq
    output: /Users/joshl/PycharmProjects/ARS/Results/Barcode/FAL03879_67a0761e_806/fastq_runid_67a0761ea992f55d7000e748e88761780ca1bb60_0_0
    jobid: 8
    wildcards: fastq_files=FAL03879_67a0761e_806/fastq_runid_67a0761ea992f55d7000e748e88761780ca1bb60_0_0


[Fri Jul 10 15:18:16 2020]
rule barcode:
    input: /Users/joshl/PycharmProjects/ARS/Results/Basecall/FAL03879_67a0761e_1055/fastq_runid_67a0761ea992f55d7000e748e88761780ca1bb60_0_0.fastq
    output: /Users/joshl/PycharmProjects/ARS/Results/Barcode/FAL03879_67a0761e_1055/fastq_runid_67a0761ea992f55d7000e748e88761780ca1bb60_0_0
    jobid: 7
    wildcards: fastq_files=FAL03879_67a0761e_1055/fastq_runid_67a0761ea992f55d7000e748e88761780ca1bb60_0_0

Terminating processes on user request, this might take some time.
[Fri Jul 10 15:18:21 2020]
[Fri Jul 10 15:18:21 2020]
[Fri Jul 10 15:18:21 2020]
[Fri Jul 10 15:18:21 2020]
Error in rule barcode:
Error in rule barcode:
[Fri Jul 10 15:18:21 2020]
[Fri Jul 10 15:18:21 2020]
Error in rule barcode:
Error in rule barcode:
    jobid: 11
    jobid: 7
Error in rule barcode:
Error in rule barcode:
    jobid: 9
    jobid: 8
    output: /Users/joshl/PycharmProjects/ARS/Results/Barcode/FAL03879_67a0761e_163/fastq_runid_67a0761ea992f55d7000e748e88761780ca1bb60_0_0
    output: /Users/joshl/PycharmProjects/ARS/Results/Barcode/FAL03879_67a0761e_1055/fastq_runid_67a0761ea992f55d7000e748e88761780ca1bb60_0_0
    jobid: 12
    jobid: 10
    output: /Users/joshl/PycharmProjects/ARS/Results/Barcode/FAL03879_67a0761e_11/fastq_runid_67a0761ea992f55d7000e748e88761780ca1bb60_0_0
    output: /Users/joshl/PycharmProjects/ARS/Results/Barcode/FAL03879_67a0761e_806/fastq_runid_67a0761ea992f55d7000e748e88761780ca1bb60_0_0
    shell:
        INPUT_DIREC=`python3 /Users/joshl/PycharmProjects/ARS/snakemake/scripts/ReturnInputDirectory.py /Users/joshl/PycharmProjects/ARS/Results/Basecall/FAL03879_67a0761e_163/fastq_runid_67a0761ea992f55d7000e748e88761780ca1bb60_0_0.fastq` && guppy_barcoder --quiet --input_path $INPUT_DIREC --save_path /Users/joshl/PycharmProjects/ARS/Results/Barcode/FAL03879_67a0761e_163/fastq_runid_67a0761ea992f55d7000e748e88761780ca1bb60_0_0 --config configuration.cfg --worker_threads 2 --barcode_kits EXP-PBC096 --require_barcodes_both_ends  && echo BARCODE FILE OUTPUT: /Users/joshl/PycharmProjects/ARS/Results/Barcode/FAL03879_67a0761e_163/fastq_runid_67a0761ea992f55d7000e748e88761780ca1bb60_0_0
        (one of the commands exited with non-zero exit code; note that snakemake uses bash strict mode!)
    shell:
        INPUT_DIREC=`python3 /Users/joshl/PycharmProjects/ARS/snakemake/scripts/ReturnInputDirectory.py /Users/joshl/PycharmProjects/ARS/Results/Basecall/FAL03879_67a0761e_1055/fastq_runid_67a0761ea992f55d7000e748e88761780ca1bb60_0_0.fastq` && guppy_barcoder --quiet --input_path $INPUT_DIREC --save_path /Users/joshl/PycharmProjects/ARS/Results/Barcode/FAL03879_67a0761e_1055/fastq_runid_67a0761ea992f55d7000e748e88761780ca1bb60_0_0 --config configuration.cfg --worker_threads 2 --barcode_kits EXP-PBC096 --require_barcodes_both_ends  && echo BARCODE FILE OUTPUT: /Users/joshl/PycharmProjects/ARS/Results/Barcode/FAL03879_67a0761e_1055/fastq_runid_67a0761ea992f55d7000e748e88761780ca1bb60_0_0
        (one of the commands exited with non-zero exit code; note that snakemake uses bash strict mode!)
    output: /Users/joshl/PycharmProjects/ARS/Results/Barcode/FAL03879_67a0761e_1275/fastq_runid_67a0761ea992f55d7000e748e88761780ca1bb60_0_0
    output: /Users/joshl/PycharmProjects/ARS/Results/Barcode/FAL03879_67a0761e_539/fastq_runid_67a0761ea992f55d7000e748e88761780ca1bb60_0_0
    shell:
        INPUT_DIREC=`python3 /Users/joshl/PycharmProjects/ARS/snakemake/scripts/ReturnInputDirectory.py /Users/joshl/PycharmProjects/ARS/Results/Basecall/FAL03879_67a0761e_11/fastq_runid_67a0761ea992f55d7000e748e88761780ca1bb60_0_0.fastq` && guppy_barcoder --quiet --input_path $INPUT_DIREC --save_path /Users/joshl/PycharmProjects/ARS/Results/Barcode/FAL03879_67a0761e_11/fastq_runid_67a0761ea992f55d7000e748e88761780ca1bb60_0_0 --config configuration.cfg --worker_threads 2 --barcode_kits EXP-PBC096 --require_barcodes_both_ends  && echo BARCODE FILE OUTPUT: /Users/joshl/PycharmProjects/ARS/Results/Barcode/FAL03879_67a0761e_11/fastq_runid_67a0761ea992f55d7000e748e88761780ca1bb60_0_0
        (one of the commands exited with non-zero exit code; note that snakemake uses bash strict mode!)
    shell:
        INPUT_DIREC=`python3 /Users/joshl/PycharmProjects/ARS/snakemake/scripts/ReturnInputDirectory.py /Users/joshl/PycharmProjects/ARS/Results/Basecall/FAL03879_67a0761e_806/fastq_runid_67a0761ea992f55d7000e748e88761780ca1bb60_0_0.fastq` && guppy_barcoder --quiet --input_path $INPUT_DIREC --save_path /Users/joshl/PycharmProjects/ARS/Results/Barcode/FAL03879_67a0761e_806/fastq_runid_67a0761ea992f55d7000e748e88761780ca1bb60_0_0 --config configuration.cfg --worker_threads 2 --barcode_kits EXP-PBC096 --require_barcodes_both_ends  && echo BARCODE FILE OUTPUT: /Users/joshl/PycharmProjects/ARS/Results/Barcode/FAL03879_67a0761e_806/fastq_runid_67a0761ea992f55d7000e748e88761780ca1bb60_0_0
        (one of the commands exited with non-zero exit code; note that snakemake uses bash strict mode!)


    shell:
        INPUT_DIREC=`python3 /Users/joshl/PycharmProjects/ARS/snakemake/scripts/ReturnInputDirectory.py /Users/joshl/PycharmProjects/ARS/Results/Basecall/FAL03879_67a0761e_1275/fastq_runid_67a0761ea992f55d7000e748e88761780ca1bb60_0_0.fastq` && guppy_barcoder --quiet --input_path $INPUT_DIREC --save_path /Users/joshl/PycharmProjects/ARS/Results/Barcode/FAL03879_67a0761e_1275/fastq_runid_67a0761ea992f55d7000e748e88761780ca1bb60_0_0 --config configuration.cfg --worker_threads 2 --barcode_kits EXP-PBC096 --require_barcodes_both_ends  && echo BARCODE FILE OUTPUT: /Users/joshl/PycharmProjects/ARS/Results/Barcode/FAL03879_67a0761e_1275/fastq_runid_67a0761ea992f55d7000e748e88761780ca1bb60_0_0
        (one of the commands exited with non-zero exit code; note that snakemake uses bash strict mode!)
    shell:
        INPUT_DIREC=`python3 /Users/joshl/PycharmProjects/ARS/snakemake/scripts/ReturnInputDirectory.py /Users/joshl/PycharmProjects/ARS/Results/Basecall/FAL03879_67a0761e_539/fastq_runid_67a0761ea992f55d7000e748e88761780ca1bb60_0_0.fastq` && guppy_barcoder --quiet --input_path $INPUT_DIREC --save_path /Users/joshl/PycharmProjects/ARS/Results/Barcode/FAL03879_67a0761e_539/fastq_runid_67a0761ea992f55d7000e748e88761780ca1bb60_0_0 --config configuration.cfg --worker_threads 2 --barcode_kits EXP-PBC096 --require_barcodes_both_ends  && echo BARCODE FILE OUTPUT: /Users/joshl/PycharmProjects/ARS/Results/Barcode/FAL03879_67a0761e_539/fastq_runid_67a0761ea992f55d7000e748e88761780ca1bb60_0_0
        (one of the commands exited with non-zero exit code; note that snakemake uses bash strict mode!)


Removing output files of failed job barcode since they might be corrupted:
/Users/joshl/PycharmProjects/ARS/Results/Barcode/FAL03879_67a0761e_163/fastq_runid_67a0761ea992f55d7000e748e88761780ca1bb60_0_0


Removing output files of failed job barcode since they might be corrupted:
/Users/joshl/PycharmProjects/ARS/Results/Barcode/FAL03879_67a0761e_1055/fastq_runid_67a0761ea992f55d7000e748e88761780ca1bb60_0_0
Removing output files of failed job barcode since they might be corrupted:
/Users/joshl/PycharmProjects/ARS/Results/Barcode/FAL03879_67a0761e_11/fastq_runid_67a0761ea992f55d7000e748e88761780ca1bb60_0_0
Removing output files of failed job barcode since they might be corrupted:
/Users/joshl/PycharmProjects/ARS/Results/Barcode/FAL03879_67a0761e_806/fastq_runid_67a0761ea992f55d7000e748e88761780ca1bb60_0_0
Removing output files of failed job barcode since they might be corrupted:
/Users/joshl/PycharmProjects/ARS/Results/Barcode/FAL03879_67a0761e_1275/fastq_runid_67a0761ea992f55d7000e748e88761780ca1bb60_0_0
Removing output files of failed job barcode since they might be corrupted:
/Users/joshl/PycharmProjects/ARS/Results/Barcode/FAL03879_67a0761e_539/fastq_runid_67a0761ea992f55d7000e748e88761780ca1bb60_0_0
Complete log: /Users/joshl/PycharmProjects/ARS/snakemake/.snakemake/log/2020-07-10T151815.956282.snakemake.log
