Building DAG of jobs...
Using shell: /bin/bash
Provided cores: 12
Rules claiming more threads will be scaled down.
Conda environments: ignored
Job counts:
	count	jobs
	1	all
	6	barcode
	7

[Fri Jul 10 13:44:31 2020]
rule barcode:
    input: /Users/joshl/PycharmProjects/ARS/Results/Basecall/FAL03879_67a0761e_1055/fastq_runid_67a0761ea992f55d7000e748e88761780ca1bb60_0_0.fastq
    output: /Users/joshl/PycharmProjects/ARS/Results/Barcode/FAL03879_67a0761e_1055/fastq_runid_67a0761ea992f55d7000e748e88761780ca1bb60_0_0.fastq
    jobid: 7
    wildcards: fastq_files=FAL03879_67a0761e_1055/fastq_runid_67a0761ea992f55d7000e748e88761780ca1bb60_0_0


[Fri Jul 10 13:44:31 2020]
rule barcode:
    input: /Users/joshl/PycharmProjects/ARS/Results/Basecall/FAL03879_67a0761e_163/fastq_runid_67a0761ea992f55d7000e748e88761780ca1bb60_0_0.fastq
    output: /Users/joshl/PycharmProjects/ARS/Results/Barcode/FAL03879_67a0761e_163/fastq_runid_67a0761ea992f55d7000e748e88761780ca1bb60_0_0.fastq
    jobid: 11
    wildcards: fastq_files=FAL03879_67a0761e_163/fastq_runid_67a0761ea992f55d7000e748e88761780ca1bb60_0_0


[Fri Jul 10 13:44:31 2020]
rule barcode:
    input: /Users/joshl/PycharmProjects/ARS/Results/Basecall/FAL03879_67a0761e_1275/fastq_runid_67a0761ea992f55d7000e748e88761780ca1bb60_0_0.fastq
    output: /Users/joshl/PycharmProjects/ARS/Results/Barcode/FAL03879_67a0761e_1275/fastq_runid_67a0761ea992f55d7000e748e88761780ca1bb60_0_0.fastq
    jobid: 12
    wildcards: fastq_files=FAL03879_67a0761e_1275/fastq_runid_67a0761ea992f55d7000e748e88761780ca1bb60_0_0

[Fri Jul 10 13:44:31 2020]
Finished job 7.
1 of 7 steps (14%) done

[Fri Jul 10 13:44:31 2020]
rule barcode:
    input: /Users/joshl/PycharmProjects/ARS/Results/Basecall/FAL03879_67a0761e_539/fastq_runid_67a0761ea992f55d7000e748e88761780ca1bb60_0_0.fastq
    output: /Users/joshl/PycharmProjects/ARS/Results/Barcode/FAL03879_67a0761e_539/fastq_runid_67a0761ea992f55d7000e748e88761780ca1bb60_0_0.fastq
    jobid: 10
    wildcards: fastq_files=FAL03879_67a0761e_539/fastq_runid_67a0761ea992f55d7000e748e88761780ca1bb60_0_0

[Fri Jul 10 13:44:31 2020]
Finished job 11.

2 of 7 steps (29%) done
[Fri Jul 10 13:44:31 2020]
rule barcode:
    input: /Users/joshl/PycharmProjects/ARS/Results/Basecall/FAL03879_67a0761e_11/fastq_runid_67a0761ea992f55d7000e748e88761780ca1bb60_0_0.fastq
    output: /Users/joshl/PycharmProjects/ARS/Results/Barcode/FAL03879_67a0761e_11/fastq_runid_67a0761ea992f55d7000e748e88761780ca1bb60_0_0.fastq
    jobid: 9
    wildcards: fastq_files=FAL03879_67a0761e_11/fastq_runid_67a0761ea992f55d7000e748e88761780ca1bb60_0_0

[Fri Jul 10 13:44:31 2020]
Finished job 12.
3 of 7 steps (43%) done

[Fri Jul 10 13:44:31 2020]
rule barcode:
    input: /Users/joshl/PycharmProjects/ARS/Results/Basecall/FAL03879_67a0761e_806/fastq_runid_67a0761ea992f55d7000e748e88761780ca1bb60_0_0.fastq
    output: /Users/joshl/PycharmProjects/ARS/Results/Barcode/FAL03879_67a0761e_806/fastq_runid_67a0761ea992f55d7000e748e88761780ca1bb60_0_0.fastq
    jobid: 8
    wildcards: fastq_files=FAL03879_67a0761e_806/fastq_runid_67a0761ea992f55d7000e748e88761780ca1bb60_0_0

[Fri Jul 10 13:44:31 2020]
Finished job 10.
4 of 7 steps (57%) done
[Fri Jul 10 13:44:31 2020]
Finished job 9.
5 of 7 steps (71%) done
[Fri Jul 10 13:44:31 2020]
Finished job 8.
6 of 7 steps (86%) done

[Fri Jul 10 13:44:31 2020]
localrule all:
    input: /Users/joshl/PycharmProjects/ARS/Results/Basecall/FAL03879_67a0761e_539, /Users/joshl/PycharmProjects/ARS/Results/Basecall/FAL03879_67a0761e_11, /Users/joshl/PycharmProjects/ARS/Results/Basecall/FAL03879_67a0761e_1275, /Users/joshl/PycharmProjects/ARS/Results/Basecall/FAL03879_67a0761e_1055, /Users/joshl/PycharmProjects/ARS/Results/Basecall/FAL03879_67a0761e_163, /Users/joshl/PycharmProjects/ARS/Results/Basecall/FAL03879_67a0761e_806, /Users/joshl/PycharmProjects/ARS/Results/Barcode/FAL03879_67a0761e_1055/fastq_runid_67a0761ea992f55d7000e748e88761780ca1bb60_0_0.fastq, /Users/joshl/PycharmProjects/ARS/Results/Barcode/FAL03879_67a0761e_806/fastq_runid_67a0761ea992f55d7000e748e88761780ca1bb60_0_0.fastq, /Users/joshl/PycharmProjects/ARS/Results/Barcode/FAL03879_67a0761e_11/fastq_runid_67a0761ea992f55d7000e748e88761780ca1bb60_0_0.fastq, /Users/joshl/PycharmProjects/ARS/Results/Barcode/FAL03879_67a0761e_539/fastq_runid_67a0761ea992f55d7000e748e88761780ca1bb60_0_0.fastq, /Users/joshl/PycharmProjects/ARS/Results/Barcode/FAL03879_67a0761e_163/fastq_runid_67a0761ea992f55d7000e748e88761780ca1bb60_0_0.fastq, /Users/joshl/PycharmProjects/ARS/Results/Barcode/FAL03879_67a0761e_1275/fastq_runid_67a0761ea992f55d7000e748e88761780ca1bb60_0_0.fastq
    jobid: 0

[Fri Jul 10 13:44:31 2020]
Finished job 0.
7 of 7 steps (100%) done
Complete log: /Users/joshl/PycharmProjects/ARS/snakemake/.snakemake/log/2020-07-10T134430.973606.snakemake.log
