Building DAG of jobs...
Using shell: /bin/bash
Provided cores: 12
Rules claiming more threads will be scaled down.
Conda environments: ignored
Job counts:
	count	jobs
	1	all
	6	barcode
	7

[Fri Jul 10 13:43:31 2020]
rule barcode:
    input: /Users/joshl/PycharmProjects/ARS/Results/Basecall/FAL03879_67a0761e_539/fastq_runid_67a0761ea992f55d7000e748e88761780ca1bb60_0_0.fastq
    output: /Users/joshl/PycharmProjects/ARS/Results/Barcode/FAL03879_67a0761e_539/fastq_runid_67a0761ea992f55d7000e748e88761780ca1bb60_0_0.fastq
    jobid: 10
    wildcards: fastq_files=FAL03879_67a0761e_539/fastq_runid_67a0761ea992f55d7000e748e88761780ca1bb60_0_0


[Fri Jul 10 13:43:31 2020]
rule barcode:
    input: /Users/joshl/PycharmProjects/ARS/Results/Basecall/FAL03879_67a0761e_1275/fastq_runid_67a0761ea992f55d7000e748e88761780ca1bb60_0_0.fastq
    output: /Users/joshl/PycharmProjects/ARS/Results/Barcode/FAL03879_67a0761e_1275/fastq_runid_67a0761ea992f55d7000e748e88761780ca1bb60_0_0.fastq
    jobid: 12
    wildcards: fastq_files=FAL03879_67a0761e_1275/fastq_runid_67a0761ea992f55d7000e748e88761780ca1bb60_0_0


[Fri Jul 10 13:43:31 2020]
rule barcode:
    input: /Users/joshl/PycharmProjects/ARS/Results/Basecall/FAL03879_67a0761e_163/fastq_runid_67a0761ea992f55d7000e748e88761780ca1bb60_0_0.fastq
    output: /Users/joshl/PycharmProjects/ARS/Results/Barcode/FAL03879_67a0761e_163/fastq_runid_67a0761ea992f55d7000e748e88761780ca1bb60_0_0.fastq
    jobid: 11
    wildcards: fastq_files=FAL03879_67a0761e_163/fastq_runid_67a0761ea992f55d7000e748e88761780ca1bb60_0_0


[Fri Jul 10 13:43:31 2020]
rule barcode:
    input: /Users/joshl/PycharmProjects/ARS/Results/Basecall/FAL03879_67a0761e_1055/fastq_runid_67a0761ea992f55d7000e748e88761780ca1bb60_0_0.fastq
    output: /Users/joshl/PycharmProjects/ARS/Results/Barcode/FAL03879_67a0761e_1055/fastq_runid_67a0761ea992f55d7000e748e88761780ca1bb60_0_0.fastq
    jobid: 7
    wildcards: fastq_files=FAL03879_67a0761e_1055/fastq_runid_67a0761ea992f55d7000e748e88761780ca1bb60_0_0


[Fri Jul 10 13:43:31 2020]
rule barcode:
    input: /Users/joshl/PycharmProjects/ARS/Results/Basecall/FAL03879_67a0761e_11/fastq_runid_67a0761ea992f55d7000e748e88761780ca1bb60_0_0.fastq
    output: /Users/joshl/PycharmProjects/ARS/Results/Barcode/FAL03879_67a0761e_11/fastq_runid_67a0761ea992f55d7000e748e88761780ca1bb60_0_0.fastq
    jobid: 9
    wildcards: fastq_files=FAL03879_67a0761e_11/fastq_runid_67a0761ea992f55d7000e748e88761780ca1bb60_0_0


[Fri Jul 10 13:43:31 2020]
rule barcode:
    input: /Users/joshl/PycharmProjects/ARS/Results/Basecall/FAL03879_67a0761e_806/fastq_runid_67a0761ea992f55d7000e748e88761780ca1bb60_0_0.fastq
    output: /Users/joshl/PycharmProjects/ARS/Results/Barcode/FAL03879_67a0761e_806/fastq_runid_67a0761ea992f55d7000e748e88761780ca1bb60_0_0.fastq
    jobid: 8
    wildcards: fastq_files=FAL03879_67a0761e_806/fastq_runid_67a0761ea992f55d7000e748e88761780ca1bb60_0_0

ImproperOutputException in line 44 of /Users/joshl/PycharmProjects/ARS/snakemake/Snakefile:
Outputs of incorrect type (directories when expecting files or vice versa). Output directories must be flagged with directory(). for rule barcode:
/Users/joshl/PycharmProjects/ARS/Results/Barcode/FAL03879_67a0761e_1275/fastq_runid_67a0761ea992f55d7000e748e88761780ca1bb60_0_0.fastq
Removing output files of failed job barcode since they might be corrupted:
/Users/joshl/PycharmProjects/ARS/Results/Barcode/FAL03879_67a0761e_1275/fastq_runid_67a0761ea992f55d7000e748e88761780ca1bb60_0_0.fastq
ImproperOutputException in line 44 of /Users/joshl/PycharmProjects/ARS/snakemake/Snakefile:
Outputs of incorrect type (directories when expecting files or vice versa). Output directories must be flagged with directory(). for rule barcode:
/Users/joshl/PycharmProjects/ARS/Results/Barcode/FAL03879_67a0761e_539/fastq_runid_67a0761ea992f55d7000e748e88761780ca1bb60_0_0.fastq
Removing output files of failed job barcode since they might be corrupted:
/Users/joshl/PycharmProjects/ARS/Results/Barcode/FAL03879_67a0761e_539/fastq_runid_67a0761ea992f55d7000e748e88761780ca1bb60_0_0.fastq
ImproperOutputException in line 44 of /Users/joshl/PycharmProjects/ARS/snakemake/Snakefile:
Outputs of incorrect type (directories when expecting files or vice versa). Output directories must be flagged with directory(). for rule barcode:
/Users/joshl/PycharmProjects/ARS/Results/Barcode/FAL03879_67a0761e_163/fastq_runid_67a0761ea992f55d7000e748e88761780ca1bb60_0_0.fastq
Removing output files of failed job barcode since they might be corrupted:
/Users/joshl/PycharmProjects/ARS/Results/Barcode/FAL03879_67a0761e_163/fastq_runid_67a0761ea992f55d7000e748e88761780ca1bb60_0_0.fastq
ImproperOutputException in line 44 of /Users/joshl/PycharmProjects/ARS/snakemake/Snakefile:
Outputs of incorrect type (directories when expecting files or vice versa). Output directories must be flagged with directory(). for rule barcode:
/Users/joshl/PycharmProjects/ARS/Results/Barcode/FAL03879_67a0761e_1055/fastq_runid_67a0761ea992f55d7000e748e88761780ca1bb60_0_0.fastq
Removing output files of failed job barcode since they might be corrupted:
/Users/joshl/PycharmProjects/ARS/Results/Barcode/FAL03879_67a0761e_1055/fastq_runid_67a0761ea992f55d7000e748e88761780ca1bb60_0_0.fastq
ImproperOutputException in line 44 of /Users/joshl/PycharmProjects/ARS/snakemake/Snakefile:
Outputs of incorrect type (directories when expecting files or vice versa). Output directories must be flagged with directory(). for rule barcode:
/Users/joshl/PycharmProjects/ARS/Results/Barcode/FAL03879_67a0761e_11/fastq_runid_67a0761ea992f55d7000e748e88761780ca1bb60_0_0.fastq
Removing output files of failed job barcode since they might be corrupted:
/Users/joshl/PycharmProjects/ARS/Results/Barcode/FAL03879_67a0761e_11/fastq_runid_67a0761ea992f55d7000e748e88761780ca1bb60_0_0.fastq
ImproperOutputException in line 44 of /Users/joshl/PycharmProjects/ARS/snakemake/Snakefile:
Outputs of incorrect type (directories when expecting files or vice versa). Output directories must be flagged with directory(). for rule barcode:
/Users/joshl/PycharmProjects/ARS/Results/Barcode/FAL03879_67a0761e_806/fastq_runid_67a0761ea992f55d7000e748e88761780ca1bb60_0_0.fastq
Removing output files of failed job barcode since they might be corrupted:
/Users/joshl/PycharmProjects/ARS/Results/Barcode/FAL03879_67a0761e_806/fastq_runid_67a0761ea992f55d7000e748e88761780ca1bb60_0_0.fastq
Shutting down, this might take some time.
Exiting because a job execution failed. Look above for error message
Complete log: /Users/joshl/PycharmProjects/ARS/snakemake/.snakemake/log/2020-07-10T134331.239173.snakemake.log
