Building DAG of jobs...
Using shell: /bin/bash
Provided cores: 12
Rules claiming more threads will be scaled down.
Conda environments: ignored
Job counts:
	count	jobs
	1	all
	6	basecall
	7

[Fri Jul 10 12:17:02 2020]
rule basecall:
    input: /Users/joshl/PycharmProjects/ARS/Results/DataFiles/fast5/FAL03879_67a0761e_11.fast5
    output: /Users/joshl/PycharmProjects/ARS/Results/Basecall/FAL03879_67a0761e_11
    jobid: 2
    wildcards: sample=FAL03879_67a0761e_11


[Fri Jul 10 12:17:02 2020]
rule basecall:
    input: /Users/joshl/PycharmProjects/ARS/Results/DataFiles/fast5/FAL03879_67a0761e_1275.fast5
    output: /Users/joshl/PycharmProjects/ARS/Results/Basecall/FAL03879_67a0761e_1275
    jobid: 3
    wildcards: sample=FAL03879_67a0761e_1275


[Fri Jul 10 12:17:02 2020]
rule basecall:
    input: /Users/joshl/PycharmProjects/ARS/Results/DataFiles/fast5/FAL03879_67a0761e_1055.fast5
    output: /Users/joshl/PycharmProjects/ARS/Results/Basecall/FAL03879_67a0761e_1055
    jobid: 4
    wildcards: sample=FAL03879_67a0761e_1055


[Fri Jul 10 12:17:02 2020]
rule basecall:
    input: /Users/joshl/PycharmProjects/ARS/Results/DataFiles/fast5/FAL03879_67a0761e_163.fast5
    output: /Users/joshl/PycharmProjects/ARS/Results/Basecall/FAL03879_67a0761e_163
    jobid: 5
    wildcards: sample=FAL03879_67a0761e_163


[Fri Jul 10 12:17:02 2020]
rule basecall:
    input: /Users/joshl/PycharmProjects/ARS/Results/DataFiles/fast5/FAL03879_67a0761e_539.fast5
    output: /Users/joshl/PycharmProjects/ARS/Results/Basecall/FAL03879_67a0761e_539
    jobid: 1
    wildcards: sample=FAL03879_67a0761e_539


[Fri Jul 10 12:17:02 2020]
rule basecall:
    input: /Users/joshl/PycharmProjects/ARS/Results/DataFiles/fast5/FAL03879_67a0761e_806.fast5
    output: /Users/joshl/PycharmProjects/ARS/Results/Basecall/FAL03879_67a0761e_806
    jobid: 6
    wildcards: sample=FAL03879_67a0761e_806

Terminating processes on user request, this might take some time.
[Fri Jul 10 12:20:58 2020]
[Fri Jul 10 12:20:58 2020]
Error in rule basecall:
Error in rule basecall:
[Fri Jul 10 12:20:58 2020]
[Fri Jul 10 12:20:58 2020]
[Fri Jul 10 12:20:58 2020]
    jobid: 4
[Fri Jul 10 12:20:58 2020]
    jobid: 6
Error in rule basecall:
Error in rule basecall:
Error in rule basecall:
    output: /Users/joshl/PycharmProjects/ARS/Results/Basecall/FAL03879_67a0761e_1055
Error in rule basecall:
    output: /Users/joshl/PycharmProjects/ARS/Results/Basecall/FAL03879_67a0761e_806
    jobid: 2
    jobid: 1
    jobid: 3
    shell:
        ls /Users/joshl/PycharmProjects/ARS/Results/DataFiles/fast5/FAL03879_67a0761e_1055.fast5 | guppy_basecaller --quiet --save_path /Users/joshl/PycharmProjects/ARS/Results/Basecall/FAL03879_67a0761e_1055 --config dna_r9.4.1_450bps_fast.cfg --num_callers 1 --cpu_threads_per_caller 2
        (one of the commands exited with non-zero exit code; note that snakemake uses bash strict mode!)
    jobid: 5
    shell:
        ls /Users/joshl/PycharmProjects/ARS/Results/DataFiles/fast5/FAL03879_67a0761e_806.fast5 | guppy_basecaller --quiet --save_path /Users/joshl/PycharmProjects/ARS/Results/Basecall/FAL03879_67a0761e_806 --config dna_r9.4.1_450bps_fast.cfg --num_callers 1 --cpu_threads_per_caller 2
        (one of the commands exited with non-zero exit code; note that snakemake uses bash strict mode!)
    output: /Users/joshl/PycharmProjects/ARS/Results/Basecall/FAL03879_67a0761e_11
    output: /Users/joshl/PycharmProjects/ARS/Results/Basecall/FAL03879_67a0761e_539
    output: /Users/joshl/PycharmProjects/ARS/Results/Basecall/FAL03879_67a0761e_1275

    output: /Users/joshl/PycharmProjects/ARS/Results/Basecall/FAL03879_67a0761e_163

    shell:
        ls /Users/joshl/PycharmProjects/ARS/Results/DataFiles/fast5/FAL03879_67a0761e_11.fast5 | guppy_basecaller --quiet --save_path /Users/joshl/PycharmProjects/ARS/Results/Basecall/FAL03879_67a0761e_11 --config dna_r9.4.1_450bps_fast.cfg --num_callers 1 --cpu_threads_per_caller 2
        (one of the commands exited with non-zero exit code; note that snakemake uses bash strict mode!)
    shell:
        ls /Users/joshl/PycharmProjects/ARS/Results/DataFiles/fast5/FAL03879_67a0761e_539.fast5 | guppy_basecaller --quiet --save_path /Users/joshl/PycharmProjects/ARS/Results/Basecall/FAL03879_67a0761e_539 --config dna_r9.4.1_450bps_fast.cfg --num_callers 1 --cpu_threads_per_caller 2
        (one of the commands exited with non-zero exit code; note that snakemake uses bash strict mode!)
    shell:
        ls /Users/joshl/PycharmProjects/ARS/Results/DataFiles/fast5/FAL03879_67a0761e_1275.fast5 | guppy_basecaller --quiet --save_path /Users/joshl/PycharmProjects/ARS/Results/Basecall/FAL03879_67a0761e_1275 --config dna_r9.4.1_450bps_fast.cfg --num_callers 1 --cpu_threads_per_caller 2
        (one of the commands exited with non-zero exit code; note that snakemake uses bash strict mode!)
Removing output files of failed job basecall since they might be corrupted:
/Users/joshl/PycharmProjects/ARS/Results/Basecall/FAL03879_67a0761e_1055
    shell:
        ls /Users/joshl/PycharmProjects/ARS/Results/DataFiles/fast5/FAL03879_67a0761e_163.fast5 | guppy_basecaller --quiet --save_path /Users/joshl/PycharmProjects/ARS/Results/Basecall/FAL03879_67a0761e_163 --config dna_r9.4.1_450bps_fast.cfg --num_callers 1 --cpu_threads_per_caller 2
        (one of the commands exited with non-zero exit code; note that snakemake uses bash strict mode!)




Removing output files of failed job basecall since they might be corrupted:
/Users/joshl/PycharmProjects/ARS/Results/Basecall/FAL03879_67a0761e_806
Removing output files of failed job basecall since they might be corrupted:
/Users/joshl/PycharmProjects/ARS/Results/Basecall/FAL03879_67a0761e_11
Removing output files of failed job basecall since they might be corrupted:
/Users/joshl/PycharmProjects/ARS/Results/Basecall/FAL03879_67a0761e_539
Removing output files of failed job basecall since they might be corrupted:
/Users/joshl/PycharmProjects/ARS/Results/Basecall/FAL03879_67a0761e_1275
Removing output files of failed job basecall since they might be corrupted:
/Users/joshl/PycharmProjects/ARS/Results/Basecall/FAL03879_67a0761e_163
Complete log: /Users/joshl/PycharmProjects/ARS/snakemake/.snakemake/log/2020-07-10T121702.920047.snakemake.log
