Building DAG of jobs...
Using shell: /bin/bash
Provided cores: 12
Rules claiming more threads will be scaled down.
Conda environments: ignored
Job counts:
	count	jobs
	1	all
	6	basecall
	7

[Fri Jul 10 12:21:38 2020]
rule basecall:
    input: /Users/joshl/PycharmProjects/ARS/Results/DataFiles/fast5/FAL03879_67a0761e_11.fast5
    output: /Users/joshl/PycharmProjects/ARS/Results/Basecall/FAL03879_67a0761e_11
    jobid: 2
    wildcards: sample=FAL03879_67a0761e_11


[Fri Jul 10 12:21:38 2020]
rule basecall:
    input: /Users/joshl/PycharmProjects/ARS/Results/DataFiles/fast5/FAL03879_67a0761e_1275.fast5
    output: /Users/joshl/PycharmProjects/ARS/Results/Basecall/FAL03879_67a0761e_1275
    jobid: 3
    wildcards: sample=FAL03879_67a0761e_1275


[Fri Jul 10 12:21:38 2020]
rule basecall:
    input: /Users/joshl/PycharmProjects/ARS/Results/DataFiles/fast5/FAL03879_67a0761e_539.fast5
    output: /Users/joshl/PycharmProjects/ARS/Results/Basecall/FAL03879_67a0761e_539
    jobid: 1
    wildcards: sample=FAL03879_67a0761e_539


[Fri Jul 10 12:21:38 2020]
rule basecall:
    input: /Users/joshl/PycharmProjects/ARS/Results/DataFiles/fast5/FAL03879_67a0761e_1055.fast5
    output: /Users/joshl/PycharmProjects/ARS/Results/Basecall/FAL03879_67a0761e_1055
    jobid: 4
    wildcards: sample=FAL03879_67a0761e_1055


[Fri Jul 10 12:21:38 2020]
rule basecall:
    input: /Users/joshl/PycharmProjects/ARS/Results/DataFiles/fast5/FAL03879_67a0761e_163.fast5
    output: /Users/joshl/PycharmProjects/ARS/Results/Basecall/FAL03879_67a0761e_163
    jobid: 5
    wildcards: sample=FAL03879_67a0761e_163


[Fri Jul 10 12:21:38 2020]
rule basecall:
    input: /Users/joshl/PycharmProjects/ARS/Results/DataFiles/fast5/FAL03879_67a0761e_806.fast5
    output: /Users/joshl/PycharmProjects/ARS/Results/Basecall/FAL03879_67a0761e_806
    jobid: 6
    wildcards: sample=FAL03879_67a0761e_806

[Fri Jul 10 12:28:54 2020]
Finished job 2.
1 of 7 steps (14%) done
[Fri Jul 10 12:29:16 2020]
Finished job 5.
2 of 7 steps (29%) done
[Fri Jul 10 12:29:52 2020]
Finished job 1.
3 of 7 steps (43%) done
[Fri Jul 10 12:30:08 2020]
Finished job 6.
4 of 7 steps (57%) done
[Fri Jul 10 12:30:16 2020]
Finished job 4.
5 of 7 steps (71%) done
[Fri Jul 10 12:30:17 2020]
Finished job 3.
6 of 7 steps (86%) done

[Fri Jul 10 12:30:17 2020]
localrule all:
    input: /Users/joshl/PycharmProjects/ARS/Results/Basecall/FAL03879_67a0761e_539, /Users/joshl/PycharmProjects/ARS/Results/Basecall/FAL03879_67a0761e_11, /Users/joshl/PycharmProjects/ARS/Results/Basecall/FAL03879_67a0761e_1275, /Users/joshl/PycharmProjects/ARS/Results/Basecall/FAL03879_67a0761e_1055, /Users/joshl/PycharmProjects/ARS/Results/Basecall/FAL03879_67a0761e_163, /Users/joshl/PycharmProjects/ARS/Results/Basecall/FAL03879_67a0761e_806
    jobid: 0

[Fri Jul 10 12:30:17 2020]
Finished job 0.
7 of 7 steps (100%) done
Complete log: /Users/joshl/PycharmProjects/ARS/snakemake/.snakemake/log/2020-07-10T122138.133894.snakemake.log
