Building DAG of jobs...
Using shell: /bin/bash
Provided cores: 12
Rules claiming more threads will be scaled down.
Conda environments: ignored
Job counts:
	count	jobs
	1	all
	1	barcode
	2

[Fri Jul 10 15:09:46 2020]
rule barcode:
    input: /Users/joshl/PycharmProjects/ARS/Results/Basecall/FAL03879_67a0761e_11/fastq_runid_67a0761ea992f55d7000e748e88761780ca1bb60_0_0.fastq
    output: /Users/joshl/PycharmProjects/ARS/Results/Barcode/FAL03879_67a0761e_11/fastq_runid_67a0761ea992f55d7000e748e88761780ca1bb60_0_0
    jobid: 9
    wildcards: fastq_files=FAL03879_67a0761e_11/fastq_runid_67a0761ea992f55d7000e748e88761780ca1bb60_0_0

[Fri Jul 10 15:09:54 2020]
Finished job 9.
1 of 2 steps (50%) done

[Fri Jul 10 15:09:54 2020]
localrule all:
    input: /Users/joshl/PycharmProjects/ARS/Results/Basecall/FAL03879_67a0761e_539, /Users/joshl/PycharmProjects/ARS/Results/Basecall/FAL03879_67a0761e_11, /Users/joshl/PycharmProjects/ARS/Results/Basecall/FAL03879_67a0761e_1275, /Users/joshl/PycharmProjects/ARS/Results/Basecall/FAL03879_67a0761e_1055, /Users/joshl/PycharmProjects/ARS/Results/Basecall/FAL03879_67a0761e_163, /Users/joshl/PycharmProjects/ARS/Results/Basecall/FAL03879_67a0761e_806, /Users/joshl/PycharmProjects/ARS/Results/Barcode/FAL03879_67a0761e_1055/fastq_runid_67a0761ea992f55d7000e748e88761780ca1bb60_0_0, /Users/joshl/PycharmProjects/ARS/Results/Barcode/FAL03879_67a0761e_806/fastq_runid_67a0761ea992f55d7000e748e88761780ca1bb60_0_0, /Users/joshl/PycharmProjects/ARS/Results/Barcode/FAL03879_67a0761e_11/fastq_runid_67a0761ea992f55d7000e748e88761780ca1bb60_0_0, /Users/joshl/PycharmProjects/ARS/Results/Barcode/FAL03879_67a0761e_539/fastq_runid_67a0761ea992f55d7000e748e88761780ca1bb60_0_0, /Users/joshl/PycharmProjects/ARS/Results/Barcode/FAL03879_67a0761e_163/fastq_runid_67a0761ea992f55d7000e748e88761780ca1bb60_0_0, /Users/joshl/PycharmProjects/ARS/Results/Barcode/FAL03879_67a0761e_1275/fastq_runid_67a0761ea992f55d7000e748e88761780ca1bb60_0_0
    jobid: 0

[Fri Jul 10 15:09:54 2020]
Finished job 0.
2 of 2 steps (100%) done
Complete log: /Users/joshl/PycharmProjects/ARS/snakemake/.snakemake/log/2020-07-10T150946.562258.snakemake.log
