Building DAG of jobs...
Using shell: /bin/bash
Provided cores: 12
Rules claiming more threads will be scaled down.
Conda environments: ignored
Job counts:
	count	jobs
	1	all
	1	barcode
	2

[Fri Jul 10 14:37:52 2020]
rule barcode:
    input: /Users/joshl/PycharmProjects/ARS/Results/Basecall/FAL03879_67a0761e_11/fastq_runid_67a0761ea992f55d7000e748e88761780ca1bb60_0_0.fastq
    output: /Users/joshl/PycharmProjects/ARS/Results/Barcode/FAL03879_67a0761e_11/fastq_runid_67a0761ea992f55d7000e748e88761780ca1bb60_0_0.fastq
    jobid: 9
    wildcards: fastq_files=FAL03879_67a0761e_11/fastq_runid_67a0761ea992f55d7000e748e88761780ca1bb60_0_0

Waiting at most 5 seconds for missing files.
MissingOutputException in line 44 of /Users/joshl/PycharmProjects/ARS/snakemake/Snakefile:
Job completed successfully, but some output files are missing. Missing files after 5 seconds:
/Users/joshl/PycharmProjects/ARS/Results/Barcode/FAL03879_67a0761e_11/fastq_runid_67a0761ea992f55d7000e748e88761780ca1bb60_0_0.fastq
This might be due to filesystem latency. If that is the case, consider to increase the wait time with --latency-wait.
Shutting down, this might take some time.
Exiting because a job execution failed. Look above for error message
Complete log: /Users/joshl/PycharmProjects/ARS/snakemake/.snakemake/log/2020-07-10T143752.513169.snakemake.log
