2020-07-06 13:23:06.338531 [guppy/message] ONT Guppy barcoding software version 4.0.11+f1071ce
input path:         /Users/joshl/PycharmProjects/ARS/Results/Basecall/
save path:          /Users/joshl/PycharmProjects/ARS/Results/Barcode/
arrangement files:  barcode_arrs_pcr96.cfg 
min. score front:   60
min. score rear:    60

2020-07-06 13:23:06.340225 [guppy/info] crashpad_handler not supported on this platform.
2020-07-06 13:23:06.340508 [guppy/message] Found 6 fastq files.
2020-07-06 13:23:06.340540 [guppy/info] Starting input file /Users/joshl/PycharmProjects/ARS/Results/Basecall/fastq_runid_67a0761ea992f55d7000e748e88761780ca1bb60_4_0.fastq
2020-07-06 13:23:08.786593 [guppy/info] Successfully finished input file /Users/joshl/PycharmProjects/ARS/Results/Basecall/fastq_runid_67a0761ea992f55d7000e748e88761780ca1bb60_4_0.fastq (4000 reads)
2020-07-06 13:23:08.786696 [guppy/info] Starting input file /Users/joshl/PycharmProjects/ARS/Results/Basecall/fastq_runid_67a0761ea992f55d7000e748e88761780ca1bb60_5_0.fastq
2020-07-06 13:23:11.248689 [guppy/info] Successfully finished input file /Users/joshl/PycharmProjects/ARS/Results/Basecall/fastq_runid_67a0761ea992f55d7000e748e88761780ca1bb60_5_0.fastq (4000 reads)
2020-07-06 13:23:11.248863 [guppy/info] Starting input file /Users/joshl/PycharmProjects/ARS/Results/Basecall/fastq_runid_67a0761ea992f55d7000e748e88761780ca1bb60_0_0.fastq
2020-07-06 13:23:13.791970 [guppy/info] Successfully finished input file /Users/joshl/PycharmProjects/ARS/Results/Basecall/fastq_runid_67a0761ea992f55d7000e748e88761780ca1bb60_0_0.fastq (4000 reads)
2020-07-06 13:23:13.792090 [guppy/info] Starting input file /Users/joshl/PycharmProjects/ARS/Results/Basecall/fastq_runid_67a0761ea992f55d7000e748e88761780ca1bb60_1_0.fastq
2020-07-06 13:23:16.520069 [guppy/info] Successfully finished input file /Users/joshl/PycharmProjects/ARS/Results/Basecall/fastq_runid_67a0761ea992f55d7000e748e88761780ca1bb60_1_0.fastq (4000 reads)
2020-07-06 13:23:16.520241 [guppy/info] Starting input file /Users/joshl/PycharmProjects/ARS/Results/Basecall/fastq_runid_67a0761ea992f55d7000e748e88761780ca1bb60_3_0.fastq
2020-07-06 13:23:18.924042 [guppy/info] Successfully finished input file /Users/joshl/PycharmProjects/ARS/Results/Basecall/fastq_runid_67a0761ea992f55d7000e748e88761780ca1bb60_3_0.fastq (4000 reads)
2020-07-06 13:23:18.924252 [guppy/info] Starting input file /Users/joshl/PycharmProjects/ARS/Results/Basecall/fastq_runid_67a0761ea992f55d7000e748e88761780ca1bb60_2_0.fastq
2020-07-06 13:23:21.526950 [guppy/info] Successfully finished input file /Users/joshl/PycharmProjects/ARS/Results/Basecall/fastq_runid_67a0761ea992f55d7000e748e88761780ca1bb60_2_0.fastq (4000 reads)
2020-07-06 13:23:21.527086 [guppy/message] Done in 15189 ms.
